[1123/083334.063:ERROR:prune_crash_reports.cc(34)] PruneCrashReportDatabase: Failed to get pending reports
[1123/083540.188:ERROR:prune_crash_reports.cc(34)] PruneCrashReportDatabase: Failed to get pending reports
[1127/122548.706:ERROR:prune_crash_reports.cc(34)] PruneCrashReportDatabase: Failed to get pending reports
[1127/122754.188:ERROR:prune_crash_reports.cc(34)] PruneCrashReportDatabase: Failed to get pending reports
[1204/095435.665:ERROR:process_reader_win.cc(182)] ResumeThread: The parameter is incorrect. (0x57)
[1204/095435.737:ERROR:process_reader_win.cc(151)] SuspendThread: Access is denied. (0x5)
[1204/095435.744:ERROR:process_reader_win.cc(151)] SuspendThread: Access is denied. (0x5)
[1204/095435.746:ERROR:process_reader_win.cc(151)] SuspendThread: Access is denied. (0x5)
[1204/095435.771:ERROR:process_reader_win.cc(151)] SuspendThread: Access is denied. (0x5)
[1204/095435.771:ERROR:process_reader_win.cc(151)] SuspendThread: Access is denied. (0x5)
[1204/095435.772:ERROR:process_reader_win.cc(151)] SuspendThread: Access is denied. (0x5)
[1204/095435.772:ERROR:process_reader_win.cc(151)] SuspendThread: Access is denied. (0x5)
[1204/095435.773:ERROR:process_reader_win.cc(151)] SuspendThread: Access is denied. (0x5)
[1204/095435.773:ERROR:process_reader_win.cc(151)] SuspendThread: Access is denied. (0x5)
[1204/095435.774:ERROR:process_reader_win.cc(151)] SuspendThread: Access is denied. (0x5)
[1204/095435.775:ERROR:exception_snapshot_win.cc(98)] thread ID 3988 not found in process
[1204/095613.104:ERROR:process_reader_win.cc(182)] ResumeThread: The parameter is incorrect. (0x57)
[1204/095613.181:ERROR:process_reader_win.cc(151)] SuspendThread: Access is denied. (0x5)
[1204/095613.192:ERROR:process_reader_win.cc(151)] SuspendThread: Access is denied. (0x5)
[1204/095613.195:ERROR:process_reader_win.cc(151)] SuspendThread: Access is denied. (0x5)
[1204/095613.198:ERROR:process_reader_win.cc(151)] SuspendThread: Access is denied. (0x5)
[1204/095613.200:ERROR:process_reader_win.cc(151)] SuspendThread: Access is denied. (0x5)
[1204/095613.201:ERROR:process_reader_win.cc(151)] SuspendThread: Access is denied. (0x5)
[1204/095613.205:ERROR:process_reader_win.cc(151)] SuspendThread: Access is denied. (0x5)
[1204/095613.205:ERROR:process_reader_win.cc(151)] SuspendThread: Access is denied. (0x5)
[1204/095613.206:ERROR:process_reader_win.cc(151)] SuspendThread: Access is denied. (0x5)
[1204/095613.207:ERROR:process_reader_win.cc(151)] SuspendThread: Access is denied. (0x5)
[1204/095613.207:ERROR:exception_snapshot_win.cc(98)] thread ID 7012 not found in process
[1204/095951.906:ERROR:process_reader_win.cc(182)] ResumeThread: The parameter is incorrect. (0x57)
[1204/095951.980:ERROR:process_reader_win.cc(151)] SuspendThread: Access is denied. (0x5)
[1204/095951.992:ERROR:process_reader_win.cc(151)] SuspendThread: Access is denied. (0x5)
[1204/095951.999:ERROR:process_reader_win.cc(151)] SuspendThread: Access is denied. (0x5)
[1204/095951.999:ERROR:process_reader_win.cc(151)] SuspendThread: Access is denied. (0x5)
[1204/095951.999:ERROR:process_reader_win.cc(151)] SuspendThread: Access is denied. (0x5)
[1204/095951.999:ERROR:process_reader_win.cc(151)] SuspendThread: Access is denied. (0x5)
[1204/095952.001:ERROR:process_reader_win.cc(151)] SuspendThread: Access is denied. (0x5)
[1204/095952.003:ERROR:process_reader_win.cc(151)] SuspendThread: Access is denied. (0x5)
[1204/095952.004:ERROR:process_reader_win.cc(151)] SuspendThread: Access is denied. (0x5)
[1204/095952.004:ERROR:exception_snapshot_win.cc(98)] thread ID 5720 not found in process
[1204/100153.971:ERROR:process_reader_win.cc(182)] ResumeThread: The parameter is incorrect. (0x57)
[1204/100154.076:ERROR:process_reader_win.cc(151)] SuspendThread: Access is denied. (0x5)
[1204/100154.085:ERROR:process_reader_win.cc(151)] SuspendThread: Access is denied. (0x5)
[1204/100154.087:ERROR:process_reader_win.cc(151)] SuspendThread: Access is denied. (0x5)
[1204/100154.087:ERROR:process_reader_win.cc(151)] SuspendThread: Access is denied. (0x5)
[1204/100154.087:ERROR:process_reader_win.cc(151)] SuspendThread: Access is denied. (0x5)
[1204/100154.087:ERROR:process_reader_win.cc(151)] SuspendThread: Access is denied. (0x5)
[1204/100154.089:ERROR:process_reader_win.cc(151)] SuspendThread: Access is denied. (0x5)
[1204/100154.090:ERROR:process_reader_win.cc(151)] SuspendThread: Access is denied. (0x5)
[1204/100154.092:ERROR:process_reader_win.cc(151)] SuspendThread: Access is denied. (0x5)
[1204/100154.093:ERROR:exception_snapshot_win.cc(98)] thread ID 5292 not found in process
[1204/100231.915:ERROR:process_reader_win.cc(182)] ResumeThread: The parameter is incorrect. (0x57)
[1204/100231.926:ERROR:process_reader_win.cc(151)] SuspendThread: Access is denied. (0x5)
[1204/100231.927:ERROR:process_reader_win.cc(151)] SuspendThread: Access is denied. (0x5)
[1204/100231.927:ERROR:process_reader_win.cc(151)] SuspendThread: Access is denied. (0x5)
[1204/100231.927:ERROR:process_reader_win.cc(151)] SuspendThread: Access is denied. (0x5)
[1204/100231.927:ERROR:process_reader_win.cc(151)] SuspendThread: Access is denied. (0x5)
[1204/100231.928:ERROR:process_reader_win.cc(151)] SuspendThread: Access is denied. (0x5)
[1204/100231.928:ERROR:process_reader_win.cc(151)] SuspendThread: Access is denied. (0x5)
[1204/100231.929:ERROR:process_reader_win.cc(151)] SuspendThread: Access is denied. (0x5)
[1204/100231.929:ERROR:process_reader_win.cc(151)] SuspendThread: Access is denied. (0x5)
[1204/100231.929:ERROR:exception_snapshot_win.cc(98)] thread ID 4212 not found in process
[1204/102033.446:ERROR:process_reader_win.cc(182)] ResumeThread: The parameter is incorrect. (0x57)
[1204/102033.511:ERROR:process_reader_win.cc(151)] SuspendThread: Access is denied. (0x5)
[1204/102033.517:ERROR:process_reader_win.cc(151)] SuspendThread: Access is denied. (0x5)
[1204/102033.519:ERROR:process_reader_win.cc(151)] SuspendThread: Access is denied. (0x5)
[1204/102033.519:ERROR:process_reader_win.cc(151)] SuspendThread: Access is denied. (0x5)
[1204/102033.522:ERROR:process_reader_win.cc(151)] SuspendThread: Access is denied. (0x5)
[1204/102033.526:ERROR:process_reader_win.cc(151)] SuspendThread: Access is denied. (0x5)
[1204/102033.527:ERROR:process_reader_win.cc(151)] SuspendThread: Access is denied. (0x5)
[1204/102033.528:ERROR:process_reader_win.cc(151)] SuspendThread: Access is denied. (0x5)
[1204/102033.529:ERROR:process_reader_win.cc(151)] SuspendThread: Access is denied. (0x5)
[1204/102033.531:ERROR:process_reader_win.cc(151)] SuspendThread: Access is denied. (0x5)
[1204/102033.531:ERROR:exception_snapshot_win.cc(98)] thread ID 7680 not found in process
[1204/115830.791:ERROR:process_reader_win.cc(182)] ResumeThread: The parameter is incorrect. (0x57)
[1204/115830.796:ERROR:process_reader_win.cc(151)] SuspendThread: Access is denied. (0x5)
[1204/115830.796:ERROR:process_reader_win.cc(151)] SuspendThread: Access is denied. (0x5)
[1204/115830.796:ERROR:process_reader_win.cc(151)] SuspendThread: Access is denied. (0x5)
[1204/115830.797:ERROR:process_reader_win.cc(151)] SuspendThread: Access is denied. (0x5)
[1204/115830.797:ERROR:process_reader_win.cc(151)] SuspendThread: Access is denied. (0x5)
[1204/115830.797:ERROR:process_reader_win.cc(151)] SuspendThread: Access is denied. (0x5)
[1204/115830.798:ERROR:process_reader_win.cc(151)] SuspendThread: Access is denied. (0x5)
[1204/115830.798:ERROR:process_reader_win.cc(151)] SuspendThread: Access is denied. (0x5)
[1204/115830.798:ERROR:process_reader_win.cc(151)] SuspendThread: Access is denied. (0x5)
[1204/115830.799:ERROR:exception_snapshot_win.cc(98)] thread ID 7864 not found in process
[1204/115929.042:ERROR:process_reader_win.cc(182)] ResumeThread: The parameter is incorrect. (0x57)
[1204/115929.112:ERROR:process_reader_win.cc(151)] SuspendThread: Access is denied. (0x5)
[1204/115929.118:ERROR:process_reader_win.cc(151)] SuspendThread: Access is denied. (0x5)
[1204/115929.119:ERROR:process_reader_win.cc(151)] SuspendThread: Access is denied. (0x5)
[1204/115929.120:ERROR:process_reader_win.cc(151)] SuspendThread: Access is denied. (0x5)
[1204/115929.124:ERROR:process_reader_win.cc(151)] SuspendThread: Access is denied. (0x5)
[1204/115929.128:ERROR:process_reader_win.cc(151)] SuspendThread: Access is denied. (0x5)
[1204/115929.131:ERROR:process_reader_win.cc(151)] SuspendThread: Access is denied. (0x5)
[1204/115929.134:ERROR:process_reader_win.cc(151)] SuspendThread: Access is denied. (0x5)
[1204/115929.134:ERROR:process_reader_win.cc(151)] SuspendThread: Access is denied. (0x5)
[1204/115929.135:ERROR:process_reader_win.cc(151)] SuspendThread: Access is denied. (0x5)
[1204/115929.135:ERROR:exception_snapshot_win.cc(98)] thread ID 2972 not found in process
[1204/120233.551:ERROR:process_reader_win.cc(182)] ResumeThread: The parameter is incorrect. (0x57)
[1204/120233.633:ERROR:process_reader_win.cc(151)] SuspendThread: Access is denied. (0x5)
[1204/120233.661:ERROR:process_reader_win.cc(151)] SuspendThread: Access is denied. (0x5)
[1204/120233.664:ERROR:process_reader_win.cc(151)] SuspendThread: Access is denied. (0x5)
[1204/120233.666:ERROR:process_reader_win.cc(151)] SuspendThread: Access is denied. (0x5)
[1204/120233.669:ERROR:process_reader_win.cc(151)] SuspendThread: Access is denied. (0x5)
[1204/120233.673:ERROR:process_reader_win.cc(151)] SuspendThread: Access is denied. (0x5)
[1204/120233.676:ERROR:process_reader_win.cc(151)] SuspendThread: Access is denied. (0x5)
[1204/120233.678:ERROR:process_reader_win.cc(151)] SuspendThread: Access is denied. (0x5)
[1204/120233.680:ERROR:process_reader_win.cc(151)] SuspendThread: Access is denied. (0x5)
[1204/120233.683:ERROR:exception_snapshot_win.cc(98)] thread ID 6992 not found in process
[1204/120318.803:ERROR:process_reader_win.cc(182)] ResumeThread: The parameter is incorrect. (0x57)
[1204/120318.872:ERROR:process_reader_win.cc(151)] SuspendThread: Access is denied. (0x5)
[1204/120318.880:ERROR:process_reader_win.cc(151)] SuspendThread: Access is denied. (0x5)
[1204/120318.885:ERROR:process_reader_win.cc(151)] SuspendThread: Access is denied. (0x5)
[1204/120318.888:ERROR:process_reader_win.cc(151)] SuspendThread: Access is denied. (0x5)
[1204/120318.891:ERROR:process_reader_win.cc(151)] SuspendThread: Access is denied. (0x5)
[1204/120318.891:ERROR:process_reader_win.cc(151)] SuspendThread: Access is denied. (0x5)
[1204/120318.892:ERROR:process_reader_win.cc(151)] SuspendThread: Access is denied. (0x5)
[1204/120318.894:ERROR:process_reader_win.cc(151)] SuspendThread: Access is denied. (0x5)
[1204/120318.895:ERROR:process_reader_win.cc(151)] SuspendThread: Access is denied. (0x5)
[1204/120318.895:ERROR:exception_snapshot_win.cc(98)] thread ID 6664 not found in process
[1204/120619.064:ERROR:process_reader_win.cc(182)] ResumeThread: The parameter is incorrect. (0x57)
[1204/120619.131:ERROR:process_reader_win.cc(151)] SuspendThread: Access is denied. (0x5)
[1204/120619.138:ERROR:process_reader_win.cc(151)] SuspendThread: Access is denied. (0x5)
[1204/120619.141:ERROR:process_reader_win.cc(151)] SuspendThread: Access is denied. (0x5)
[1204/120619.144:ERROR:process_reader_win.cc(151)] SuspendThread: Access is denied. (0x5)
[1204/120619.147:ERROR:process_reader_win.cc(151)] SuspendThread: Access is denied. (0x5)
[1204/120619.148:ERROR:process_reader_win.cc(151)] SuspendThread: Access is denied. (0x5)
[1204/120619.149:ERROR:process_reader_win.cc(151)] SuspendThread: Access is denied. (0x5)
[1204/120619.150:ERROR:process_reader_win.cc(151)] SuspendThread: Access is denied. (0x5)
[1204/120619.151:ERROR:process_reader_win.cc(151)] SuspendThread: Access is denied. (0x5)
[1204/120619.151:ERROR:exception_snapshot_win.cc(98)] thread ID 1028 not found in process
[1204/120801.658:ERROR:process_reader_win.cc(182)] ResumeThread: The parameter is incorrect. (0x57)
[1204/120801.662:ERROR:process_reader_win.cc(151)] SuspendThread: Access is denied. (0x5)
[1204/120801.663:ERROR:process_reader_win.cc(151)] SuspendThread: Access is denied. (0x5)
[1204/120801.663:ERROR:process_reader_win.cc(151)] SuspendThread: Access is denied. (0x5)
[1204/120801.664:ERROR:process_reader_win.cc(151)] SuspendThread: Access is denied. (0x5)
[1204/120801.664:ERROR:process_reader_win.cc(151)] SuspendThread: Access is denied. (0x5)
[1204/120801.665:ERROR:process_reader_win.cc(151)] SuspendThread: Access is denied. (0x5)
[1204/120801.666:ERROR:process_reader_win.cc(151)] SuspendThread: Access is denied. (0x5)
[1204/120801.667:ERROR:process_reader_win.cc(151)] SuspendThread: Access is denied. (0x5)
[1204/120801.667:ERROR:process_reader_win.cc(151)] SuspendThread: Access is denied. (0x5)
[1204/120801.667:ERROR:process_reader_win.cc(151)] SuspendThread: Access is denied. (0x5)
[1204/120801.667:ERROR:exception_snapshot_win.cc(98)] thread ID 6860 not found in process
[1204/121122.736:ERROR:process_reader_win.cc(182)] ResumeThread: The parameter is incorrect. (0x57)
[1204/121122.806:ERROR:process_reader_win.cc(151)] SuspendThread: Access is denied. (0x5)
[1204/121122.831:ERROR:process_reader_win.cc(151)] SuspendThread: Access is denied. (0x5)
[1204/121122.831:ERROR:process_reader_win.cc(151)] SuspendThread: Access is denied. (0x5)
[1204/121122.835:ERROR:process_reader_win.cc(151)] SuspendThread: Access is denied. (0x5)
[1204/121122.838:ERROR:process_reader_win.cc(151)] SuspendThread: Access is denied. (0x5)
[1204/121122.838:ERROR:process_reader_win.cc(151)] SuspendThread: Access is denied. (0x5)
[1204/121122.842:ERROR:process_reader_win.cc(151)] SuspendThread: Access is denied. (0x5)
[1204/121122.850:ERROR:process_reader_win.cc(151)] SuspendThread: Access is denied. (0x5)
[1204/121122.851:ERROR:process_reader_win.cc(151)] SuspendThread: Access is denied. (0x5)
[1204/121122.853:ERROR:exception_snapshot_win.cc(98)] thread ID 5344 not found in process
[1204/165020.584:ERROR:process_reader_win.cc(182)] ResumeThread: The parameter is incorrect. (0x57)
[1204/165020.671:ERROR:process_reader_win.cc(151)] SuspendThread: Access is denied. (0x5)
[1204/165020.679:ERROR:process_reader_win.cc(151)] SuspendThread: Access is denied. (0x5)
[1204/165020.680:ERROR:process_reader_win.cc(151)] SuspendThread: Access is denied. (0x5)
[1204/165020.680:ERROR:process_reader_win.cc(151)] SuspendThread: Access is denied. (0x5)
[1204/165020.680:ERROR:process_reader_win.cc(151)] SuspendThread: Access is denied. (0x5)
[1204/165020.686:ERROR:process_reader_win.cc(151)] SuspendThread: Access is denied. (0x5)
[1204/165020.686:ERROR:process_reader_win.cc(151)] SuspendThread: Access is denied. (0x5)
[1204/165020.686:ERROR:process_reader_win.cc(151)] SuspendThread: Access is denied. (0x5)
[1204/165020.687:ERROR:process_reader_win.cc(151)] SuspendThread: Access is denied. (0x5)
[1204/165020.689:ERROR:process_reader_win.cc(151)] SuspendThread: Access is denied. (0x5)
[1204/165020.689:ERROR:exception_snapshot_win.cc(98)] thread ID 4156 not found in process
[1204/165047.897:ERROR:process_reader_win.cc(182)] ResumeThread: The parameter is incorrect. (0x57)
[1204/165047.903:ERROR:process_reader_win.cc(151)] SuspendThread: Access is denied. (0x5)
[1204/165047.904:ERROR:process_reader_win.cc(151)] SuspendThread: Access is denied. (0x5)
[1204/165047.905:ERROR:process_reader_win.cc(151)] SuspendThread: Access is denied. (0x5)
[1204/165047.905:ERROR:process_reader_win.cc(151)] SuspendThread: Access is denied. (0x5)
[1204/165047.906:ERROR:process_reader_win.cc(151)] SuspendThread: Access is denied. (0x5)
[1204/165047.906:ERROR:process_reader_win.cc(151)] SuspendThread: Access is denied. (0x5)
[1204/165047.906:ERROR:process_reader_win.cc(151)] SuspendThread: Access is denied. (0x5)
[1204/165047.906:ERROR:process_reader_win.cc(151)] SuspendThread: Access is denied. (0x5)
[1204/165047.906:ERROR:process_reader_win.cc(151)] SuspendThread: Access is denied. (0x5)
[1204/165047.907:ERROR:process_reader_win.cc(151)] SuspendThread: Access is denied. (0x5)
[1204/165047.907:ERROR:process_reader_win.cc(151)] SuspendThread: Access is denied. (0x5)
[1204/165047.907:ERROR:exception_snapshot_win.cc(98)] thread ID 1132 not found in process
[1204/165120.056:ERROR:process_reader_win.cc(182)] ResumeThread: The parameter is incorrect. (0x57)
[1204/165120.122:ERROR:process_reader_win.cc(151)] SuspendThread: Access is denied. (0x5)
[1204/165120.129:ERROR:process_reader_win.cc(151)] SuspendThread: Access is denied. (0x5)
[1204/165120.135:ERROR:process_reader_win.cc(151)] SuspendThread: Access is denied. (0x5)
[1204/165120.136:ERROR:process_reader_win.cc(151)] SuspendThread: Access is denied. (0x5)
[1204/165120.137:ERROR:process_reader_win.cc(151)] SuspendThread: Access is denied. (0x5)
[1204/165120.138:ERROR:process_reader_win.cc(151)] SuspendThread: Access is denied. (0x5)
[1204/165120.140:ERROR:process_reader_win.cc(151)] SuspendThread: Access is denied. (0x5)
[1204/165120.141:ERROR:process_reader_win.cc(151)] SuspendThread: Access is denied. (0x5)
[1204/165120.142:ERROR:process_reader_win.cc(151)] SuspendThread: Access is denied. (0x5)
[1204/165120.143:ERROR:process_reader_win.cc(151)] SuspendThread: Access is denied. (0x5)
[1204/165120.144:ERROR:exception_snapshot_win.cc(98)] thread ID 1140 not found in process
[1204/165218.331:ERROR:process_reader_win.cc(182)] ResumeThread: The parameter is incorrect. (0x57)
[1204/165218.404:ERROR:process_reader_win.cc(151)] SuspendThread: Access is denied. (0x5)
[1204/165218.426:ERROR:process_reader_win.cc(151)] SuspendThread: Access is denied. (0x5)
[1204/165218.426:ERROR:process_reader_win.cc(151)] SuspendThread: Access is denied. (0x5)
[1204/165218.427:ERROR:process_reader_win.cc(151)] SuspendThread: Access is denied. (0x5)
[1204/165218.427:ERROR:process_reader_win.cc(151)] SuspendThread: Access is denied. (0x5)
[1204/165218.430:ERROR:process_reader_win.cc(151)] SuspendThread: Access is denied. (0x5)
[1204/165218.431:ERROR:process_reader_win.cc(151)] SuspendThread: Access is denied. (0x5)
[1204/165218.434:ERROR:process_reader_win.cc(151)] SuspendThread: Access is denied. (0x5)
[1204/165218.435:ERROR:process_reader_win.cc(151)] SuspendThread: Access is denied. (0x5)
[1204/165218.435:ERROR:process_reader_win.cc(151)] SuspendThread: Access is denied. (0x5)
[1204/165218.436:ERROR:exception_snapshot_win.cc(98)] thread ID 1356 not found in process
[1204/165249.688:ERROR:process_reader_win.cc(182)] ResumeThread: The parameter is incorrect. (0x57)
[1204/165249.787:ERROR:process_reader_win.cc(151)] SuspendThread: Access is denied. (0x5)
[1204/165249.805:ERROR:process_reader_win.cc(151)] SuspendThread: Access is denied. (0x5)
[1204/165249.815:ERROR:process_reader_win.cc(151)] SuspendThread: Access is denied. (0x5)
[1204/165249.821:ERROR:process_reader_win.cc(151)] SuspendThread: Access is denied. (0x5)
[1204/165249.824:ERROR:process_reader_win.cc(151)] SuspendThread: Access is denied. (0x5)
[1204/165249.824:ERROR:process_reader_win.cc(151)] SuspendThread: Access is denied. (0x5)
[1204/165249.828:ERROR:process_reader_win.cc(151)] SuspendThread: Access is denied. (0x5)
[1204/165249.830:ERROR:process_reader_win.cc(151)] SuspendThread: Access is denied. (0x5)
[1204/165249.836:ERROR:process_reader_win.cc(151)] SuspendThread: Access is denied. (0x5)
[1204/165249.836:ERROR:process_reader_win.cc(151)] SuspendThread: Access is denied. (0x5)
[1204/165249.838:ERROR:exception_snapshot_win.cc(98)] thread ID 3672 not found in process
[1204/165736.182:ERROR:process_reader_win.cc(182)] ResumeThread: The parameter is incorrect. (0x57)
[1204/165736.195:ERROR:process_reader_win.cc(151)] SuspendThread: Access is denied. (0x5)
[1204/165736.195:ERROR:process_reader_win.cc(151)] SuspendThread: Access is denied. (0x5)
[1204/165736.196:ERROR:process_reader_win.cc(151)] SuspendThread: Access is denied. (0x5)
[1204/165736.196:ERROR:process_reader_win.cc(151)] SuspendThread: Access is denied. (0x5)
[1204/165736.196:ERROR:process_reader_win.cc(151)] SuspendThread: Access is denied. (0x5)
[1204/165736.197:ERROR:process_reader_win.cc(151)] SuspendThread: Access is denied. (0x5)
[1204/165736.197:ERROR:process_reader_win.cc(151)] SuspendThread: Access is denied. (0x5)
[1204/165736.197:ERROR:process_reader_win.cc(151)] SuspendThread: Access is denied. (0x5)
[1204/165736.197:ERROR:process_reader_win.cc(151)] SuspendThread: Access is denied. (0x5)
[1204/165736.197:ERROR:exception_snapshot_win.cc(98)] thread ID 1964 not found in process
[1204/170309.860:ERROR:process_reader_win.cc(182)] ResumeThread: The parameter is incorrect. (0x57)
[1204/170309.942:ERROR:process_reader_win.cc(151)] SuspendThread: Access is denied. (0x5)
[1204/170309.949:ERROR:process_reader_win.cc(151)] SuspendThread: Access is denied. (0x5)
[1204/170309.950:ERROR:process_reader_win.cc(151)] SuspendThread: Access is denied. (0x5)
[1204/170309.953:ERROR:process_reader_win.cc(151)] SuspendThread: Access is denied. (0x5)
[1204/170309.953:ERROR:process_reader_win.cc(151)] SuspendThread: Access is denied. (0x5)
[1204/170309.955:ERROR:process_reader_win.cc(151)] SuspendThread: Access is denied. (0x5)
[1204/170309.956:ERROR:process_reader_win.cc(151)] SuspendThread: Access is denied. (0x5)
[1204/170309.957:ERROR:process_reader_win.cc(151)] SuspendThread: Access is denied. (0x5)
[1204/170309.958:ERROR:process_reader_win.cc(151)] SuspendThread: Access is denied. (0x5)
[1204/170309.958:ERROR:exception_snapshot_win.cc(98)] thread ID 4368 not found in process
[1210/110828.203:ERROR:process_reader_win.cc(182)] ResumeThread: The parameter is incorrect. (0x57)
[1210/110828.210:ERROR:process_reader_win.cc(151)] SuspendThread: Access is denied. (0x5)
[1210/110828.210:ERROR:process_reader_win.cc(151)] SuspendThread: Access is denied. (0x5)
[1210/110828.211:ERROR:process_reader_win.cc(151)] SuspendThread: Access is denied. (0x5)
[1210/110828.211:ERROR:process_reader_win.cc(151)] SuspendThread: Access is denied. (0x5)
[1210/110828.211:ERROR:process_reader_win.cc(151)] SuspendThread: Access is denied. (0x5)
[1210/110828.211:ERROR:process_reader_win.cc(151)] SuspendThread: Access is denied. (0x5)
[1210/110828.211:ERROR:process_reader_win.cc(151)] SuspendThread: Access is denied. (0x5)
[1210/110828.211:ERROR:process_reader_win.cc(151)] SuspendThread: Access is denied. (0x5)
[1210/110828.212:ERROR:process_reader_win.cc(151)] SuspendThread: Access is denied. (0x5)
[1210/110828.212:ERROR:exception_snapshot_win.cc(98)] thread ID 5172 not found in process
[1217/100736.309:ERROR:process_reader_win.cc(182)] ResumeThread: The parameter is incorrect. (0x57)
[1217/100736.397:ERROR:process_reader_win.cc(151)] SuspendThread: Access is denied. (0x5)
[1217/100736.401:ERROR:process_reader_win.cc(151)] SuspendThread: Access is denied. (0x5)
[1217/100736.402:ERROR:process_reader_win.cc(151)] SuspendThread: Access is denied. (0x5)
[1217/100736.407:ERROR:process_reader_win.cc(151)] SuspendThread: Access is denied. (0x5)
[1217/100736.409:ERROR:process_reader_win.cc(151)] SuspendThread: Access is denied. (0x5)
[1217/100736.412:ERROR:process_reader_win.cc(151)] SuspendThread: Access is denied. (0x5)
[1217/100736.416:ERROR:process_reader_win.cc(151)] SuspendThread: Access is denied. (0x5)
[1217/100736.417:ERROR:process_reader_win.cc(151)] SuspendThread: Access is denied. (0x5)
[1217/100736.418:ERROR:process_reader_win.cc(151)] SuspendThread: Access is denied. (0x5)
[1217/100736.419:ERROR:process_reader_win.cc(151)] SuspendThread: Access is denied. (0x5)
[1217/100736.420:ERROR:exception_snapshot_win.cc(98)] thread ID 7160 not found in process
[1217/101248.785:ERROR:process_reader_win.cc(182)] ResumeThread: The parameter is incorrect. (0x57)
[1217/101248.813:ERROR:process_reader_win.cc(151)] SuspendThread: Access is denied. (0x5)
[1217/101248.813:ERROR:process_reader_win.cc(151)] SuspendThread: Access is denied. (0x5)
[1217/101248.813:ERROR:process_reader_win.cc(151)] SuspendThread: Access is denied. (0x5)
[1217/101248.814:ERROR:process_reader_win.cc(151)] SuspendThread: Access is denied. (0x5)
[1217/101248.814:ERROR:process_reader_win.cc(151)] SuspendThread: Access is denied. (0x5)
[1217/101248.814:ERROR:process_reader_win.cc(151)] SuspendThread: Access is denied. (0x5)
[1217/101248.815:ERROR:process_reader_win.cc(151)] SuspendThread: Access is denied. (0x5)
[1217/101248.815:ERROR:process_reader_win.cc(151)] SuspendThread: Access is denied. (0x5)
[1217/101248.815:ERROR:process_reader_win.cc(151)] SuspendThread: Access is denied. (0x5)
[1217/101248.816:ERROR:process_reader_win.cc(151)] SuspendThread: Access is denied. (0x5)
[1217/101248.817:ERROR:exception_snapshot_win.cc(98)] thread ID 6972 not found in process
[1217/101603.042:ERROR:process_reader_win.cc(182)] ResumeThread: The parameter is incorrect. (0x57)
[1217/101603.106:ERROR:process_reader_win.cc(151)] SuspendThread: Access is denied. (0x5)
[1217/101603.123:ERROR:process_reader_win.cc(151)] SuspendThread: Access is denied. (0x5)
[1217/101603.124:ERROR:process_reader_win.cc(151)] SuspendThread: Access is denied. (0x5)
[1217/101603.126:ERROR:process_reader_win.cc(151)] SuspendThread: Access is denied. (0x5)
[1217/101603.126:ERROR:process_reader_win.cc(151)] SuspendThread: Access is denied. (0x5)
[1217/101603.128:ERROR:process_reader_win.cc(151)] SuspendThread: Access is denied. (0x5)
[1217/101603.130:ERROR:process_reader_win.cc(151)] SuspendThread: Access is denied. (0x5)
[1217/101603.132:ERROR:process_reader_win.cc(151)] SuspendThread: Access is denied. (0x5)
[1217/101603.135:ERROR:process_reader_win.cc(151)] SuspendThread: Access is denied. (0x5)
[1217/101603.135:ERROR:exception_snapshot_win.cc(98)] thread ID 1216 not found in process
[1217/101643.687:ERROR:process_reader_win.cc(182)] ResumeThread: The parameter is incorrect. (0x57)
[1217/101643.703:ERROR:process_reader_win.cc(151)] SuspendThread: Access is denied. (0x5)
[1217/101643.704:ERROR:process_reader_win.cc(151)] SuspendThread: Access is denied. (0x5)
[1217/101643.704:ERROR:process_reader_win.cc(151)] SuspendThread: Access is denied. (0x5)
[1217/101643.704:ERROR:process_reader_win.cc(151)] SuspendThread: Access is denied. (0x5)
[1217/101643.705:ERROR:process_reader_win.cc(151)] SuspendThread: Access is denied. (0x5)
[1217/101643.705:ERROR:process_reader_win.cc(151)] SuspendThread: Access is denied. (0x5)
[1217/101643.705:ERROR:process_reader_win.cc(151)] SuspendThread: Access is denied. (0x5)
[1217/101643.706:ERROR:process_reader_win.cc(151)] SuspendThread: Access is denied. (0x5)
[1217/101643.706:ERROR:process_reader_win.cc(151)] SuspendThread: Access is denied. (0x5)
[1217/101643.707:ERROR:exception_snapshot_win.cc(98)] thread ID 4084 not found in process
[1217/102525.211:ERROR:process_reader_win.cc(182)] ResumeThread: The parameter is incorrect. (0x57)
[1217/102525.224:ERROR:process_reader_win.cc(151)] SuspendThread: Access is denied. (0x5)
[1217/102525.224:ERROR:process_reader_win.cc(151)] SuspendThread: Access is denied. (0x5)
[1217/102525.224:ERROR:process_reader_win.cc(151)] SuspendThread: Access is denied. (0x5)
[1217/102525.224:ERROR:process_reader_win.cc(151)] SuspendThread: Access is denied. (0x5)
[1217/102525.224:ERROR:process_reader_win.cc(151)] SuspendThread: Access is denied. (0x5)
[1217/102525.224:ERROR:process_reader_win.cc(151)] SuspendThread: Access is denied. (0x5)
[1217/102525.225:ERROR:process_reader_win.cc(151)] SuspendThread: Access is denied. (0x5)
[1217/102525.225:ERROR:process_reader_win.cc(151)] SuspendThread: Access is denied. (0x5)
[1217/102525.225:ERROR:process_reader_win.cc(151)] SuspendThread: Access is denied. (0x5)
[1217/102525.225:ERROR:exception_snapshot_win.cc(98)] thread ID 1956 not found in process
[0320/112702.467:ERROR:prune_crash_reports.cc(35)] PruneCrashReportDatabase: Failed to get pending reports
[0521/090658.965:ERROR:process_reader_win.cc(123)] NtOpenThread: {Access Denied} A process has requested access to an object, but has not been granted those access rights. (0xc0000022)
[0521/090658.999:ERROR:exception_snapshot_win.cc(98)] thread ID 12932 not found in process
[0521/090658.999:ERROR:scoped_process_suspend.cc(40)] NtResumeProcess: An attempt was made to access an exiting process. (0xc000010a)
[0521/090659.280:ERROR:process_reader_win.cc(123)] NtOpenThread: {Access Denied} A process has requested access to an object, but has not been granted those access rights. (0xc0000022)
[0521/090659.282:ERROR:exception_snapshot_win.cc(98)] thread ID 35392 not found in process
[0521/090659.295:ERROR:process_reader_win.cc(123)] NtOpenThread: {Access Denied} A process has requested access to an object, but has not been granted those access rights. (0xc0000022)
[0521/090659.295:ERROR:exception_snapshot_win.cc(98)] thread ID 18532 not found in process
[0521/090700.134:ERROR:process_reader_win.cc(123)] NtOpenThread: {Access Denied} A process has requested access to an object, but has not been granted those access rights. (0xc0000022)
[0521/090700.147:ERROR:exception_snapshot_win.cc(98)] thread ID 9860 not found in process
[0521/090700.147:ERROR:scoped_process_suspend.cc(40)] NtResumeProcess: An attempt was made to access an exiting process. (0xc000010a)
[0525/164410.972:ERROR:prune_crash_reports.cc(35)] PruneCrashReportDatabase: Failed to get pending reports
[0720/114810.342:ERROR:prune_crash_reports.cc(35)] PruneCrashReportDatabase: Failed to get pending reports
[1208/121419.173:ERROR:directory_reader_win.cc(43)] FindFirstFile: The system cannot find the path specified. (0x3)
[1208/121435.759:ERROR:directory_reader_win.cc(43)] FindFirstFile: The system cannot find the path specified. (0x3)
[1208/121450.284:ERROR:directory_reader_win.cc(43)] FindFirstFile: The system cannot find the path specified. (0x3)
[1208/121456.929:ERROR:directory_reader_win.cc(43)] FindFirstFile: The system cannot find the path specified. (0x3)
[1208/121505.486:ERROR:directory_reader_win.cc(43)] FindFirstFile: The system cannot find the path specified. (0x3)
[1208/121539.175:ERROR:directory_reader_win.cc(43)] FindFirstFile: The system cannot find the path specified. (0x3)
[1208/122542.602:ERROR:directory_reader_win.cc(43)] FindFirstFile: The system cannot find the path specified. (0x3)
[1208/122542.605:ERROR:prune_crash_reports.cc(36)] PruneCrashReportDatabase: Failed to get pending reports
[1208/122650.502:ERROR:directory_reader_win.cc(43)] FindFirstFile: The system cannot find the path specified. (0x3)
[1208/122650.503:ERROR:prune_crash_reports.cc(36)] PruneCrashReportDatabase: Failed to get pending reports
[1208/122756.089:ERROR:directory_reader_win.cc(43)] FindFirstFile: The system cannot find the path specified. (0x3)
[1208/122756.090:ERROR:prune_crash_reports.cc(36)] PruneCrashReportDatabase: Failed to get pending reports
[1208/122901.968:ERROR:directory_reader_win.cc(43)] FindFirstFile: The system cannot find the path specified. (0x3)
[1208/122901.969:ERROR:prune_crash_reports.cc(36)] PruneCrashReportDatabase: Failed to get pending reports
[1208/122956.420:ERROR:directory_reader_win.cc(43)] FindFirstFile: The system cannot find the path specified. (0x3)
[1208/122956.421:ERROR:prune_crash_reports.cc(36)] PruneCrashReportDatabase: Failed to get pending reports
[1208/123051.060:ERROR:directory_reader_win.cc(43)] FindFirstFile: The system cannot find the path specified. (0x3)
[1208/123051.061:ERROR:prune_crash_reports.cc(36)] PruneCrashReportDatabase: Failed to get pending reports
[1208/123209.228:ERROR:directory_reader_win.cc(43)] FindFirstFile: The system cannot find the path specified. (0x3)
[1208/123210.970:ERROR:directory_reader_win.cc(43)] FindFirstFile: The system cannot find the path specified. (0x3)
[1208/123212.273:ERROR:directory_reader_win.cc(43)] FindFirstFile: The system cannot find the path specified. (0x3)
[1208/123217.338:ERROR:directory_reader_win.cc(43)] FindFirstFile: The system cannot find the path specified. (0x3)
[1208/123222.399:ERROR:directory_reader_win.cc(43)] FindFirstFile: The system cannot find the path specified. (0x3)
[1208/124652.479:ERROR:directory_reader_win.cc(43)] FindFirstFile: The system cannot find the path specified. (0x3)
[1208/124657.579:ERROR:directory_reader_win.cc(43)] FindFirstFile: The system cannot find the path specified. (0x3)
[1208/124702.651:ERROR:directory_reader_win.cc(43)] FindFirstFile: The system cannot find the path specified. (0x3)
[1208/124707.711:ERROR:directory_reader_win.cc(43)] FindFirstFile: The system cannot find the path specified. (0x3)
[1208/124713.099:ERROR:directory_reader_win.cc(43)] FindFirstFile: The system cannot find the path specified. (0x3)
[1208/124718.302:ERROR:directory_reader_win.cc(43)] FindFirstFile: The system cannot find the path specified. (0x3)
[1208/124723.469:ERROR:directory_reader_win.cc(43)] FindFirstFile: The system cannot find the path specified. (0x3)
[1208/124728.603:ERROR:directory_reader_win.cc(43)] FindFirstFile: The system cannot find the path specified. (0x3)
[1208/124733.771:ERROR:directory_reader_win.cc(43)] FindFirstFile: The system cannot find the path specified. (0x3)
[1209/120806.528:ERROR:directory_reader_win.cc(43)] FindFirstFile: The system cannot find the path specified. (0x3)
[1209/120846.933:ERROR:directory_reader_win.cc(43)] FindFirstFile: The system cannot find the path specified. (0x3)
[1209/120911.649:ERROR:directory_reader_win.cc(43)] FindFirstFile: The system cannot find the path specified. (0x3)
[1209/120937.487:ERROR:directory_reader_win.cc(43)] FindFirstFile: The system cannot find the path specified. (0x3)
[1209/120959.484:ERROR:directory_reader_win.cc(43)] FindFirstFile: The system cannot find the path specified. (0x3)
[1209/122008.997:ERROR:directory_reader_win.cc(43)] FindFirstFile: The system cannot find the path specified. (0x3)
[1209/122008.998:ERROR:prune_crash_reports.cc(36)] PruneCrashReportDatabase: Failed to get pending reports
[1209/122018.301:ERROR:directory_reader_win.cc(43)] FindFirstFile: The system cannot find the path specified. (0x3)
[1209/122229.180:ERROR:directory_reader_win.cc(43)] FindFirstFile: The system cannot find the path specified. (0x3)
[1209/122230.550:ERROR:directory_reader_win.cc(43)] FindFirstFile: The system cannot find the path specified. (0x3)
[1209/122232.020:ERROR:directory_reader_win.cc(43)] FindFirstFile: The system cannot find the path specified. (0x3)
[1209/122235.637:ERROR:directory_reader_win.cc(43)] FindFirstFile: The system cannot find the path specified. (0x3)
[1209/122240.727:ERROR:directory_reader_win.cc(43)] FindFirstFile: The system cannot find the path specified. (0x3)
[1209/122246.056:ERROR:directory_reader_win.cc(43)] FindFirstFile: The system cannot find the path specified. (0x3)
[1209/122251.359:ERROR:directory_reader_win.cc(43)] FindFirstFile: The system cannot find the path specified. (0x3)
[1209/122256.459:ERROR:directory_reader_win.cc(43)] FindFirstFile: The system cannot find the path specified. (0x3)
[1209/122301.543:ERROR:directory_reader_win.cc(43)] FindFirstFile: The system cannot find the path specified. (0x3)
[1209/122306.576:ERROR:directory_reader_win.cc(43)] FindFirstFile: The system cannot find the path specified. (0x3)
[1209/122311.629:ERROR:directory_reader_win.cc(43)] FindFirstFile: The system cannot find the path specified. (0x3)
[1209/122316.713:ERROR:directory_reader_win.cc(43)] FindFirstFile: The system cannot find the path specified. (0x3)
[1209/122321.800:ERROR:directory_reader_win.cc(43)] FindFirstFile: The system cannot find the path specified. (0x3)
[1210/132256.437:ERROR:directory_reader_win.cc(43)] FindFirstFile: The system cannot find the path specified. (0x3)
[1210/132306.889:ERROR:directory_reader_win.cc(43)] FindFirstFile: The system cannot find the path specified. (0x3)
[1210/132317.040:ERROR:directory_reader_win.cc(43)] FindFirstFile: The system cannot find the path specified. (0x3)
[1210/132323.557:ERROR:directory_reader_win.cc(43)] FindFirstFile: The system cannot find the path specified. (0x3)
[1210/132327.572:ERROR:directory_reader_win.cc(43)] FindFirstFile: The system cannot find the path specified. (0x3)
[1210/132330.237:ERROR:directory_reader_win.cc(43)] FindFirstFile: The system cannot find the path specified. (0x3)
[1210/132340.543:ERROR:directory_reader_win.cc(43)] FindFirstFile: The system cannot find the path specified. (0x3)
[1210/132350.355:ERROR:directory_reader_win.cc(43)] FindFirstFile: The system cannot find the path specified. (0x3)
[1210/132400.113:ERROR:directory_reader_win.cc(43)] FindFirstFile: The system cannot find the path specified. (0x3)
[1210/132409.673:ERROR:directory_reader_win.cc(43)] FindFirstFile: The system cannot find the path specified. (0x3)
[1210/132419.920:ERROR:directory_reader_win.cc(43)] FindFirstFile: The system cannot find the path specified. (0x3)
[1210/132429.651:ERROR:directory_reader_win.cc(43)] FindFirstFile: The system cannot find the path specified. (0x3)
[1210/132439.236:ERROR:directory_reader_win.cc(43)] FindFirstFile: The system cannot find the path specified. (0x3)
[1210/132450.634:ERROR:directory_reader_win.cc(43)] FindFirstFile: The system cannot find the path specified. (0x3)
[1216/093618.538:ERROR:directory_reader_win.cc(43)] FindFirstFile: The system cannot find the path specified. (0x3)
[1216/093635.847:ERROR:directory_reader_win.cc(43)] FindFirstFile: The system cannot find the path specified. (0x3)
[1216/093651.202:ERROR:directory_reader_win.cc(43)] FindFirstFile: The system cannot find the path specified. (0x3)
[1216/093708.104:ERROR:directory_reader_win.cc(43)] FindFirstFile: The system cannot find the path specified. (0x3)
[1216/135656.259:ERROR:directory_reader_win.cc(43)] FindFirstFile: The system cannot find the path specified. (0x3)
[1216/135804.359:ERROR:directory_reader_win.cc(43)] FindFirstFile: The system cannot find the path specified. (0x3)
[1216/135840.975:ERROR:directory_reader_win.cc(43)] FindFirstFile: The system cannot find the path specified. (0x3)
[1216/135846.084:ERROR:directory_reader_win.cc(43)] FindFirstFile: The system cannot find the path specified. (0x3)
[1216/160615.072:ERROR:directory_reader_win.cc(43)] FindFirstFile: The system cannot find the path specified. (0x3)
[1216/171149.824:ERROR:directory_reader_win.cc(43)] FindFirstFile: The system cannot find the path specified. (0x3)
[1217/105247.419:ERROR:directory_reader_win.cc(43)] FindFirstFile: The system cannot find the path specified. (0x3)
[1223/162712.646:ERROR:directory_reader_win.cc(43)] FindFirstFile: The system cannot find the path specified. (0x3)
[1223/163641.494:ERROR:directory_reader_win.cc(43)] FindFirstFile: The system cannot find the path specified. (0x3)
[1224/113410.150:ERROR:directory_reader_win.cc(43)] FindFirstFile: The system cannot find the path specified. (0x3)
[1224/113508.782:ERROR:directory_reader_win.cc(43)] FindFirstFile: The system cannot find the path specified. (0x3)
[1228/150203.372:ERROR:directory_reader_win.cc(43)] FindFirstFile: The system cannot find the path specified. (0x3)
[1228/150226.377:ERROR:directory_reader_win.cc(43)] FindFirstFile: The system cannot find the path specified. (0x3)
[1228/150741.901:ERROR:directory_reader_win.cc(43)] FindFirstFile: The system cannot find the path specified. (0x3)
[1228/161152.100:ERROR:directory_reader_win.cc(43)] FindFirstFile: The system cannot find the path specified. (0x3)
[1229/134723.386:ERROR:directory_reader_win.cc(43)] FindFirstFile: The system cannot find the path specified. (0x3)
