2020-12-08 12:07:20,649 INFO  [Log] Screenshot for class= tests.SBP.DHL_Setting_2 method=Verify_add_new_custom_fields_numberType saved in: D:\QC\Automation\Framework\myFW\target\Failed Case Screenshots\tests.SBP.DHL_Setting_2_Verify_add_new_custom_fields_numberType_12.7.png 
2020-12-08 12:13:06,041 INFO  [Log] Screenshot for class= tests.SBP.DHL_Setting_2 method=Verify_edit_custom_fields saved in: D:\QC\Automation\Framework\myFW\target\Failed Case Screenshots\tests.SBP.DHL_Setting_2_Verify_edit_custom_fields_12.13.png 
2020-12-08 12:13:08,272 INFO  [Log] Screenshot for class= tests.SBP.DHL_Inbox method=verify_assignee_and_coworkerIsMe saved in: D:\QC\Automation\Framework\myFW\target\Failed Case Screenshots\tests.SBP.DHL_Inbox_verify_assignee_and_coworkerIsMe_12.12.png 
2020-12-08 12:16:46,340 INFO  [Log] Screenshot for class= tests.SBP.DHL_Inbox method=verify_search_incident_by_custom_fields saved in: D:\QC\Automation\Framework\myFW\target\Failed Case Screenshots\tests.SBP.DHL_Inbox_verify_search_incident_by_custom_fields_12.16.png 
2020-12-08 12:18:59,470 INFO  [Log] Screenshot for class= tests.SBP.DHL_Setting_2 method=Verify_upload_invalidForm saved in: D:\QC\Automation\Framework\myFW\target\Failed Case Screenshots\tests.SBP.DHL_Setting_2_Verify_upload_invalidForm_12.18.png 
2020-12-08 12:22:08,423 INFO  [Log] Screenshot for class= tests.SBP.DHL_Event method=verify_create_form saved in: D:\QC\Automation\Framework\myFW\target\Failed Case Screenshots\tests.SBP.DHL_Event_verify_create_form_12.21.png 
2020-12-08 12:36:50,732 INFO  [Log] Screenshot for class= tests.SBP.DHL_Setting_1 method=Verify_add_and_delete_Category saved in: D:\QC\Automation\Framework\myFW\target\Failed Case Screenshots\tests.SBP.DHL_Setting_1_Verify_add_and_delete_Category_12.5.png 
2020-12-09 10:37:21,883 INFO  [Log] Screenshot for class= tests.SBP.DHL_Event method=verify_create_form saved in: D:\QC\Automation\Framework\myFW\target\Failed Case Screenshots\tests.SBP.DHL_Event_verify_create_form_10.37.png 
2020-12-09 10:39:33,411 INFO  [Log] Screenshot for class= tests.SBP.DHL_Event method=verify_create_form saved in: D:\QC\Automation\Framework\myFW\target\Failed Case Screenshots\tests.SBP.DHL_Event_verify_create_form_10.39.png 
2020-12-09 10:57:13,820 INFO  [Log] Screenshot for class= tests.SBP.DHL_Event method=verify_create_form saved in: D:\QC\Automation\Framework\myFW\target\Failed Case Screenshots\tests.SBP.DHL_Event_verify_create_form_10.57.png 
2020-12-09 11:06:04,694 INFO  [Log] Screenshot for class= tests.SBP.DHL_Event method=verify_create_form saved in: D:\QC\Automation\Framework\myFW\target\Failed Case Screenshots\tests.SBP.DHL_Event_verify_create_form_11.6.png 
2020-12-09 11:22:04,114 INFO  [Log] Screenshot for class= tests.SBP.DHL_Event method=verify_create_form saved in: D:\QC\Automation\Framework\myFW\target\Failed Case Screenshots\tests.SBP.DHL_Event_verify_create_form_11.22.png 
2020-12-09 11:28:03,562 INFO  [Log] Screenshot for class= tests.SBP.DHL_Event method=verify_create_form saved in: D:\QC\Automation\Framework\myFW\target\Failed Case Screenshots\tests.SBP.DHL_Event_verify_create_form_11.28.png 
2020-12-09 12:08:31,789 INFO  [Log] Screenshot for class= tests.SBP.DHL_Inbox method=verify_assignee_and_coworkerIsMe saved in: D:\QC\Automation\Framework\myFW\target\Failed Case Screenshots\tests.SBP.DHL_Inbox_verify_assignee_and_coworkerIsMe_12.8.png 
2020-12-09 12:12:26,859 INFO  [Log] Screenshot for class= tests.SBP.DHL_Setting_2 method=Verify_upload_invalidForm saved in: D:\QC\Automation\Framework\myFW\target\Failed Case Screenshots\tests.SBP.DHL_Setting_2_Verify_upload_invalidForm_12.11.png 
2020-12-09 12:12:29,949 INFO  [Log] Screenshot for class= tests.SBP.DHL_Inbox method=verify_assigneeIsMe_and_coworker saved in: D:\QC\Automation\Framework\myFW\target\Failed Case Screenshots\tests.SBP.DHL_Inbox_verify_assigneeIsMe_and_coworker_12.11.png 
2020-12-09 14:04:05,822 INFO  [Log] Screenshot for class= tests.SBP.DHL_Setting_2 method=Verify_add_new_custom_fields_numberType saved in: D:\QC\Automation\Framework\myFW\target\Failed Case Screenshots\tests.SBP.DHL_Setting_2_Verify_add_new_custom_fields_numberType_14.4.png 
2020-12-10 09:42:50,739 INFO  [Log] Screenshot for class= tests.SBP.DHL_Setting_1 method=Verify_add_and_delete_Category saved in: D:\QC\Automation\Framework\myFW\target\Failed Case Screenshots\tests.SBP.DHL_Setting_1_Verify_add_and_delete_Category_9.42.png 
2020-12-10 09:45:07,831 INFO  [Log] Screenshot for class= tests.SBP.DHL_Inbox method=verify_assignee_and_coworkerIsMe saved in: D:\QC\Automation\Framework\myFW\target\Failed Case Screenshots\tests.SBP.DHL_Inbox_verify_assignee_and_coworkerIsMe_9.45.png 
2020-12-10 09:45:45,121 INFO  [Log] Screenshot for class= tests.SBP.DHL_Inbox method=verify_assigneeIsMe_and_coworker saved in: D:\QC\Automation\Framework\myFW\target\Failed Case Screenshots\tests.SBP.DHL_Inbox_verify_assigneeIsMe_and_coworker_9.45.png 
2020-12-10 13:15:32,858 INFO  [Log] Screenshot for class= tests.SBP.DHL_Inbox method=verify_assignee_and_coworkerIsMe saved in: D:\QC\Automation\Framework\myFW\target\Failed Case Screenshots\tests.SBP.DHL_Inbox_verify_assignee_and_coworkerIsMe_13.15.png 
2020-12-10 13:16:04,437 INFO  [Log] Screenshot for class= tests.SBP.DHL_Inbox method=verify_assigneeIsMe_and_coworker saved in: D:\QC\Automation\Framework\myFW\target\Failed Case Screenshots\tests.SBP.DHL_Inbox_verify_assigneeIsMe_and_coworker_13.16.png 
2020-12-10 13:16:36,611 INFO  [Log] Screenshot for class= tests.SBP.DHL_Inbox method=verify_mark_delete_for_an_incident saved in: D:\QC\Automation\Framework\myFW\target\Failed Case Screenshots\tests.SBP.DHL_Inbox_verify_mark_delete_for_an_incident_13.16.png 
2020-12-10 13:17:08,722 INFO  [Log] Screenshot for class= tests.SBP.DHL_Inbox method=verify_search_incident_by_code saved in: D:\QC\Automation\Framework\myFW\target\Failed Case Screenshots\tests.SBP.DHL_Inbox_verify_search_incident_by_code_13.17.png 
2020-12-10 13:17:40,189 INFO  [Log] Screenshot for class= tests.SBP.DHL_Inbox method=verify_search_incident_by_custom_fields saved in: D:\QC\Automation\Framework\myFW\target\Failed Case Screenshots\tests.SBP.DHL_Inbox_verify_search_incident_by_custom_fields_13.17.png 
2020-12-10 13:18:12,100 INFO  [Log] Screenshot for class= tests.SBP.DHL_Inbox method=verify_update_incident_manually saved in: D:\QC\Automation\Framework\myFW\target\Failed Case Screenshots\tests.SBP.DHL_Inbox_verify_update_incident_manually_13.18.png 
2020-12-10 13:18:47,886 INFO  [Log] Screenshot for class= tests.SBP.DHL_Inbox method=verify_update_incident_type_of_incident saved in: D:\QC\Automation\Framework\myFW\target\Failed Case Screenshots\tests.SBP.DHL_Inbox_verify_update_incident_type_of_incident_13.18.png 
2020-12-10 13:19:19,355 INFO  [Log] Screenshot for class= tests.SBP.DHL_Inbox method=verify_counter_when_creating_new_incidents saved in: D:\QC\Automation\Framework\myFW\target\Failed Case Screenshots\tests.SBP.DHL_Inbox_verify_counter_when_creating_new_incidents_13.19.png 
2020-12-10 13:19:50,922 INFO  [Log] Screenshot for class= tests.SBP.DHL_Inbox method=verify_counter_when_updating_incidents saved in: D:\QC\Automation\Framework\myFW\target\Failed Case Screenshots\tests.SBP.DHL_Inbox_verify_counter_when_updating_incidents_13.19.png 
2020-12-10 13:20:22,341 INFO  [Log] Screenshot for class= tests.SBP.DHL_Inbox method=verify_incident_state_history saved in: D:\QC\Automation\Framework\myFW\target\Failed Case Screenshots\tests.SBP.DHL_Inbox_verify_incident_state_history_13.20.png 
2020-12-10 13:20:58,930 INFO  [Log] Screenshot for class= tests.SBP.DHL_Inbox method=verify_incident_state_history_reset_after_changing_incident_type saved in: D:\QC\Automation\Framework\myFW\target\Failed Case Screenshots\tests.SBP.DHL_Inbox_verify_incident_state_history_reset_after_changing_incident_type_13.20.png 
2020-12-10 13:21:30,894 INFO  [Log] Screenshot for class= tests.SBP.DHL_Inbox method=verify_fields_disable_untill_fill_assignee saved in: D:\QC\Automation\Framework\myFW\target\Failed Case Screenshots\tests.SBP.DHL_Inbox_verify_fields_disable_untill_fill_assignee_13.21.png 
2020-12-10 13:22:03,373 INFO  [Log] Screenshot for class= tests.SBP.DHL_Inbox method=verify_add_new_incident_ManualGenerateCode saved in: D:\QC\Automation\Framework\myFW\target\Failed Case Screenshots\tests.SBP.DHL_Inbox_verify_add_new_incident_ManualGenerateCode_13.22.png 
2020-12-10 13:22:35,189 INFO  [Log] Screenshot for class= tests.SBP.DHL_Event method=verify_create_form saved in: D:\QC\Automation\Framework\myFW\target\Failed Case Screenshots\tests.SBP.DHL_Event_verify_create_form_13.22.png 
2020-12-10 13:28:53,843 INFO  [Log] Screenshot for class= tests.SBP.DHL_Setting_1 method=Verify_add_and_delete_Category saved in: D:\QC\Automation\Framework\myFW\target\Failed Case Screenshots\tests.SBP.DHL_Setting_1_Verify_add_and_delete_Category_13.13.png 
2020-12-10 13:28:58,259 ERROR [Log] Unable to take screenshot 
2020-12-10 13:32:22,738 INFO  [Log] Screenshot for class= tests.SBP.DHL_Event method=verify_create_form saved in: D:\QC\Automation\Framework\myFW\target\Failed Case Screenshots\tests.SBP.DHL_Event_verify_create_form_13.32.png 
2020-12-16 13:47:58,328 ERROR [Log] Unable to take screenshot 
2020-12-16 14:18:02,318 INFO  [Log] Screenshot for class= tests.SBP.DHL_Setting_2 method=Verify_add_new_custom_fields_numberType saved in: D:\QC\Automation\Framework\myFW\target\Failed Case Screenshots\tests.SBP.DHL_Setting_2_Verify_add_new_custom_fields_numberType_14.18.png 
2020-12-16 14:19:28,278 INFO  [Log] Screenshot for class= tests.SBP.DHL_Setting_2 method=Verify_add_new_state_final_state saved in: D:\QC\Automation\Framework\myFW\target\Failed Case Screenshots\tests.SBP.DHL_Setting_2_Verify_add_new_state_final_state_14.19.png 
2020-12-16 14:20:57,175 INFO  [Log] Screenshot for class= tests.SBP.DHL_Setting_2 method=Verify_add_new_state_not_final_State saved in: D:\QC\Automation\Framework\myFW\target\Failed Case Screenshots\tests.SBP.DHL_Setting_2_Verify_add_new_state_not_final_State_14.20.png 
2020-12-16 14:23:20,174 INFO  [Log] Screenshot for class= tests.SBP.DHL_Setting_2 method=Verify_delete_state saved in: D:\QC\Automation\Framework\myFW\target\Failed Case Screenshots\tests.SBP.DHL_Setting_2_Verify_delete_state_14.23.png 
2020-12-16 14:25:19,209 INFO  [Log] Screenshot for class= tests.SBP.DHL_Setting_2 method=Verify_edit_custom_fields saved in: D:\QC\Automation\Framework\myFW\target\Failed Case Screenshots\tests.SBP.DHL_Setting_2_Verify_edit_custom_fields_14.25.png 
2020-12-16 14:26:45,039 INFO  [Log] Screenshot for class= tests.SBP.DHL_Setting_2 method=Verify_edit_state saved in: D:\QC\Automation\Framework\myFW\target\Failed Case Screenshots\tests.SBP.DHL_Setting_2_Verify_edit_state_14.26.png 
2020-12-16 14:28:42,633 INFO  [Log] Screenshot for class= tests.SBP.DHL_Setting_2 method=Verify_upload_invalidForm saved in: D:\QC\Automation\Framework\myFW\target\Failed Case Screenshots\tests.SBP.DHL_Setting_2_Verify_upload_invalidForm_14.28.png 
2020-12-16 14:30:14,394 INFO  [Log] Screenshot for class= tests.SBP.DHL_Inbox method=verify_assignee_and_coworkerIsMe saved in: D:\QC\Automation\Framework\myFW\target\Failed Case Screenshots\tests.SBP.DHL_Inbox_verify_assignee_and_coworkerIsMe_14.30.png 
2020-12-16 14:31:45,394 INFO  [Log] Screenshot for class= tests.SBP.DHL_Inbox method=verify_assigneeIsMe_and_coworker saved in: D:\QC\Automation\Framework\myFW\target\Failed Case Screenshots\tests.SBP.DHL_Inbox_verify_assigneeIsMe_and_coworker_14.31.png 
2020-12-16 14:33:01,644 INFO  [Log] Screenshot for class= tests.SBP.DHL_Inbox method=verify_search_incident_by_code saved in: D:\QC\Automation\Framework\myFW\target\Failed Case Screenshots\tests.SBP.DHL_Inbox_verify_search_incident_by_code_14.33.png 
2020-12-16 14:34:49,706 INFO  [Log] Screenshot for class= tests.SBP.DHL_Inbox method=verify_update_incident_manually saved in: D:\QC\Automation\Framework\myFW\target\Failed Case Screenshots\tests.SBP.DHL_Inbox_verify_update_incident_manually_14.34.png 
2020-12-16 14:36:20,220 INFO  [Log] Screenshot for class= tests.SBP.DHL_Inbox method=verify_update_incident_type_of_incident saved in: D:\QC\Automation\Framework\myFW\target\Failed Case Screenshots\tests.SBP.DHL_Inbox_verify_update_incident_type_of_incident_14.36.png 
2020-12-16 14:38:00,596 INFO  [Log] Screenshot for class= tests.SBP.DHL_Inbox method=verify_incident_state_history saved in: D:\QC\Automation\Framework\myFW\target\Failed Case Screenshots\tests.SBP.DHL_Inbox_verify_incident_state_history_14.38.png 
2020-12-16 14:39:01,040 INFO  [Log] Screenshot for class= tests.SBP.DHL_Inbox method=verify_incident_state_history_reset_after_changing_incident_type saved in: D:\QC\Automation\Framework\myFW\target\Failed Case Screenshots\tests.SBP.DHL_Inbox_verify_incident_state_history_reset_after_changing_incident_type_14.39.png 
2020-12-16 14:40:32,085 INFO  [Log] Screenshot for class= tests.SBP.DHL_Inbox method=verify_fields_disable_untill_fill_assignee saved in: D:\QC\Automation\Framework\myFW\target\Failed Case Screenshots\tests.SBP.DHL_Inbox_verify_fields_disable_untill_fill_assignee_14.40.png 
2020-12-16 14:42:44,182 INFO  [Log] Screenshot for class= tests.SBP.DHL_Event method=verify_create_form saved in: D:\QC\Automation\Framework\myFW\target\Failed Case Screenshots\tests.SBP.DHL_Event_verify_create_form_14.42.png 
2020-12-16 16:10:51,841 INFO  [Log] Screenshot for class= tests.SBP.DHL_Setting_2 method=Verify_add_new_custom_fields_numberType saved in: D:\QC\Automation\Framework\myFW\target\Failed Case Screenshots\tests.SBP.DHL_Setting_2_Verify_add_new_custom_fields_numberType_16.10.png 
2020-12-16 16:43:43,540 INFO  [Log] Screenshot for class= tests.SBP.DHL_Setting_2 method=Verify_add_new_state_final_state saved in: D:\QC\Automation\Framework\myFW\target\Failed Case Screenshots\tests.SBP.DHL_Setting_2_Verify_add_new_state_final_state_16.43.png 
2020-12-16 16:44:02,441 INFO  [Log] Screenshot for class= tests.SBP.DHL_Setting_2 method=Verify_add_new_state_not_final_State saved in: D:\QC\Automation\Framework\myFW\target\Failed Case Screenshots\tests.SBP.DHL_Setting_2_Verify_add_new_state_not_final_State_16.44.png 
2020-12-16 16:47:31,327 INFO  [Log] Screenshot for class= tests.SBP.DHL_Setting_2 method=Verify_edit_state saved in: D:\QC\Automation\Framework\myFW\target\Failed Case Screenshots\tests.SBP.DHL_Setting_2_Verify_edit_state_16.47.png 
2020-12-16 16:59:05,158 INFO  [Log] Screenshot for class= tests.SBP.DHL_Inbox method=verify_add_new_incident_ManualGenerateCode saved in: D:\QC\Automation\Framework\myFW\target\Failed Case Screenshots\tests.SBP.DHL_Inbox_verify_add_new_incident_ManualGenerateCode_16.59.png 
2020-12-16 17:00:40,596 INFO  [Log] Screenshot for class= tests.SBP.DHL_Inbox method=verify_update_incident_manually saved in: D:\QC\Automation\Framework\myFW\target\Failed Case Screenshots\tests.SBP.DHL_Inbox_verify_update_incident_manually_17.0.png 
2020-12-16 17:01:48,541 INFO  [Log] Screenshot for class= tests.SBP.DHL_Inbox method=verify_counter_when_updating_incidents saved in: D:\QC\Automation\Framework\myFW\target\Failed Case Screenshots\tests.SBP.DHL_Inbox_verify_counter_when_updating_incidents_17.1.png 
2020-12-17 11:32:21,700 INFO  [Log] Screenshot for class= tests.SBP.DHL_Event method=verify_create_form saved in: D:\QC\Automation\Framework\myFW\target\Failed Case Screenshots\tests.SBP.DHL_Event_verify_create_form_11.32.png 
2020-12-17 14:25:45,075 INFO  [Log] Screenshot for class= tests.SBP.DHL_Inbox method=verify_incident_state_history saved in: D:\QC\Automation\Framework\myFW\target\Failed Case Screenshots\tests.SBP.DHL_Inbox_verify_incident_state_history_14.25.png 
2020-12-17 14:27:21,228 INFO  [Log] Screenshot for class= tests.SBP.DHL_Inbox method=verify_incident_state_history_reset_after_changing_incident_type saved in: D:\QC\Automation\Framework\myFW\target\Failed Case Screenshots\tests.SBP.DHL_Inbox_verify_incident_state_history_reset_after_changing_incident_type_14.27.png 
2020-12-17 09:47:33,631 INFO  [Log] Screenshot for class= tests.SBP.DHL_Inbox method=verify_update_incident_state_without_comment saved in: Z:\Framework\myFW\target\Failed Case Screenshots\tests.SBP.DHL_Inbox_verify_update_incident_state_without_comment_9.47.png 
2020-12-17 09:52:54,524 INFO  [Log] Screenshot for class= tests.SBP.DHL_Inbox method=verify_incident_state_history_reset_after_changing_incident_type saved in: Z:\Framework\myFW\target\Failed Case Screenshots\tests.SBP.DHL_Inbox_verify_incident_state_history_reset_after_changing_incident_type_9.52.png 
2020-12-17 10:29:22,452 INFO  [Log] Screenshot for class= tests.SBP.DHL_Inbox method=verify_incident_state_history saved in: Z:\Framework\myFW\target\Failed Case Screenshots\tests.SBP.DHL_Inbox_verify_incident_state_history_10.29.png 
2020-12-17 10:31:20,176 INFO  [Log] Screenshot for class= tests.SBP.DHL_Inbox method=verify_incident_state_history_reset_after_changing_incident_type saved in: Z:\Framework\myFW\target\Failed Case Screenshots\tests.SBP.DHL_Inbox_verify_incident_state_history_reset_after_changing_incident_type_10.31.png 
2020-12-17 10:33:12,560 INFO  [Log] Screenshot for class= tests.SBP.DHL_Inbox method=verify_add_new_incident_ManualGenerateCode saved in: Z:\Framework\myFW\target\Failed Case Screenshots\tests.SBP.DHL_Inbox_verify_add_new_incident_ManualGenerateCode_10.33.png 
2020-12-22 08:34:12,343 INFO  [Log] Screenshot for class= tests.SBP.DHL_APITest method=verify_IncidentNbo_is_exist saved in: Z:\Framework\myFW\target\Failed Case Screenshots\tests.SBP.DHL_APITest_verify_IncidentNbo_is_exist_8.34.png 
2020-12-22 08:34:29,185 INFO  [Log] Screenshot for class= tests.SBP.DHL_APITest method=verify_cancel_incident saved in: Z:\Framework\myFW\target\Failed Case Screenshots\tests.SBP.DHL_APITest_verify_cancel_incident_8.34.png 
2020-12-22 08:40:50,763 INFO  [Log] Screenshot for class= tests.SBP.DHL_APITest method=verify_IncidentNbo_is_exist saved in: Z:\Framework\myFW\target\Failed Case Screenshots\tests.SBP.DHL_APITest_verify_IncidentNbo_is_exist_8.40.png 
2020-12-22 15:44:45,583 INFO  [Log] Screenshot for class= tests.SBP.DHL_APITest method=verify_IncidentNbo_is_exist saved in: D:\QC\Automation\Framework\myFW\target\Failed Case Screenshots\tests.SBP.DHL_APITest_verify_IncidentNbo_is_exist_15.44.png 
2020-12-22 16:01:52,848 INFO  [Log] Screenshot for class= tests.SBP.DHL_Setting_2 method=Verify_add_new_custom_fields_numberType saved in: D:\QC\Automation\Framework\myFW\target\Failed Case Screenshots\tests.SBP.DHL_Setting_2_Verify_add_new_custom_fields_numberType_16.1.png 
2020-12-22 16:05:41,643 INFO  [Log] Screenshot for class= tests.SBP.DHL_Setting_2 method=Verify_edit_custom_fields saved in: D:\QC\Automation\Framework\myFW\target\Failed Case Screenshots\tests.SBP.DHL_Setting_2_Verify_edit_custom_fields_16.5.png 
2020-12-22 16:09:06,211 INFO  [Log] Screenshot for class= tests.SBP.DHL_Inbox method=verify_assignee_and_coworkerIsMe saved in: D:\QC\Automation\Framework\myFW\target\Failed Case Screenshots\tests.SBP.DHL_Inbox_verify_assignee_and_coworkerIsMe_16.9.png 
2020-12-22 16:10:17,403 INFO  [Log] Screenshot for class= tests.SBP.DHL_Inbox method=verify_assigneeIsMe_and_coworker saved in: D:\QC\Automation\Framework\myFW\target\Failed Case Screenshots\tests.SBP.DHL_Inbox_verify_assigneeIsMe_and_coworker_16.10.png 
2020-12-22 16:13:06,978 INFO  [Log] Screenshot for class= tests.SBP.DHL_Inbox method=verify_update_incident_type_of_incident saved in: D:\QC\Automation\Framework\myFW\target\Failed Case Screenshots\tests.SBP.DHL_Inbox_verify_update_incident_type_of_incident_16.13.png 
2020-12-22 16:16:12,825 INFO  [Log] Screenshot for class= tests.SBP.DHL_Inbox method=verify_add_new_incident_ManualGenerateCode saved in: D:\QC\Automation\Framework\myFW\target\Failed Case Screenshots\tests.SBP.DHL_Inbox_verify_add_new_incident_ManualGenerateCode_16.16.png 
2020-12-22 16:21:58,142 INFO  [Log] Screenshot for class= tests.SBP.DHL_Inbox method=verify_add_new_incident_ManualGenerateCode saved in: D:\QC\Automation\Framework\myFW\target\Failed Case Screenshots\tests.SBP.DHL_Inbox_verify_add_new_incident_ManualGenerateCode_16.21.png 
2020-12-22 16:24:54,684 INFO  [Log] Screenshot for class= tests.SBP.DHL_Inbox method=verify_update_incident_type_of_incident saved in: D:\QC\Automation\Framework\myFW\target\Failed Case Screenshots\tests.SBP.DHL_Inbox_verify_update_incident_type_of_incident_16.24.png 
2020-12-22 16:25:54,497 INFO  [Log] Screenshot for class= tests.SBP.DHL_Setting_2 method=Verify_edit_custom_fields saved in: D:\QC\Automation\Framework\myFW\target\Failed Case Screenshots\tests.SBP.DHL_Setting_2_Verify_edit_custom_fields_16.25.png 
2020-12-22 16:27:13,221 INFO  [Log] Screenshot for class= tests.SBP.DHL_Setting_2 method=Verify_add_new_custom_fields_numberType saved in: D:\QC\Automation\Framework\myFW\target\Failed Case Screenshots\tests.SBP.DHL_Setting_2_Verify_add_new_custom_fields_numberType_16.27.png 
2020-12-22 16:34:51,013 INFO  [Log] Screenshot for class= tests.SBP.DHL_Inbox method=verify_add_new_incident_ManualGenerateCode saved in: D:\QC\Automation\Framework\myFW\target\Failed Case Screenshots\tests.SBP.DHL_Inbox_verify_add_new_incident_ManualGenerateCode_16.34.png 
2020-12-22 16:36:40,155 INFO  [Log] Screenshot for class= tests.SBP.DHL_Setting_2 method=Verify_edit_custom_fields saved in: D:\QC\Automation\Framework\myFW\target\Failed Case Screenshots\tests.SBP.DHL_Setting_2_Verify_edit_custom_fields_16.36.png 
2020-12-22 16:37:31,477 INFO  [Log] Screenshot for class= tests.SBP.DHL_Setting_2 method=Verify_add_new_custom_fields_numberType saved in: D:\QC\Automation\Framework\myFW\target\Failed Case Screenshots\tests.SBP.DHL_Setting_2_Verify_add_new_custom_fields_numberType_16.37.png 
2020-12-23 09:20:09,222 INFO  [Log] Screenshot for class= tests.SBP.DHL_Inbox method=verify_assignee_and_coworkerIsMe saved in: D:\QC\Automation\Framework\myFW\target\Failed Case Screenshots\tests.SBP.DHL_Inbox_verify_assignee_and_coworkerIsMe_9.20.png 
2020-12-23 09:21:39,328 INFO  [Log] Screenshot for class= tests.SBP.DHL_Inbox method=verify_assigneeIsMe_and_coworker saved in: D:\QC\Automation\Framework\myFW\target\Failed Case Screenshots\tests.SBP.DHL_Inbox_verify_assigneeIsMe_and_coworker_9.21.png 
2020-12-23 09:22:54,463 INFO  [Log] Screenshot for class= tests.SBP.DHL_Inbox method=verify_search_incident_by_code saved in: D:\QC\Automation\Framework\myFW\target\Failed Case Screenshots\tests.SBP.DHL_Inbox_verify_search_incident_by_code_9.22.png 
2020-12-23 09:23:55,478 INFO  [Log] Screenshot for class= tests.SBP.DHL_Inbox method=verify_search_incident_by_last_event_location_and_last_station saved in: D:\QC\Automation\Framework\myFW\target\Failed Case Screenshots\tests.SBP.DHL_Inbox_verify_search_incident_by_last_event_location_and_last_station_9.23.png 
2020-12-23 09:26:04,367 INFO  [Log] Screenshot for class= tests.SBP.DHL_Inbox method=verify_update_incident_type_of_incident saved in: D:\QC\Automation\Framework\myFW\target\Failed Case Screenshots\tests.SBP.DHL_Inbox_verify_update_incident_type_of_incident_9.26.png 
2020-12-23 09:27:45,987 INFO  [Log] Screenshot for class= tests.SBP.DHL_Inbox method=verify_incident_state_history saved in: D:\QC\Automation\Framework\myFW\target\Failed Case Screenshots\tests.SBP.DHL_Inbox_verify_incident_state_history_9.27.png 
2020-12-23 09:28:42,047 INFO  [Log] Screenshot for class= tests.SBP.DHL_Inbox method=verify_incident_state_history_reset_after_changing_incident_type saved in: D:\QC\Automation\Framework\myFW\target\Failed Case Screenshots\tests.SBP.DHL_Inbox_verify_incident_state_history_reset_after_changing_incident_type_9.28.png 
2020-12-23 09:30:12,400 INFO  [Log] Screenshot for class= tests.SBP.DHL_Inbox method=verify_fields_disable_untill_fill_assignee saved in: D:\QC\Automation\Framework\myFW\target\Failed Case Screenshots\tests.SBP.DHL_Inbox_verify_fields_disable_untill_fill_assignee_9.30.png 
2020-12-23 16:15:52,024 INFO  [Log] Screenshot for class= tests.SBP.DHL_APITest method=verify_cancel_incident_which_not_in_first_state saved in: D:\QC\Automation\Framework\myFW\target\Failed Case Screenshots\tests.SBP.DHL_APITest_verify_cancel_incident_which_not_in_first_state_16.15.png 
2020-12-24 10:09:46,614 INFO  [Log] Screenshot for class= tests.SBP.DHL_Setting_2 method=Verify_upload_invalidForm saved in: D:\QC\Automation\Framework\myFW\target\Failed Case Screenshots\tests.SBP.DHL_Setting_2_Verify_upload_invalidForm_10.9.png 
2020-12-24 10:20:41,965 INFO  [Log] Screenshot for class= tests.SBP.DHL_APITest method=verify_IncidentNbo_is_exist saved in: D:\QC\Automation\Framework\myFW\target\Failed Case Screenshots\tests.SBP.DHL_APITest_verify_IncidentNbo_is_exist_10.20.png 
2020-12-24 10:22:00,425 INFO  [Log] Screenshot for class= tests.SBP.DHL_APITest method=verify_cancel_incident saved in: D:\QC\Automation\Framework\myFW\target\Failed Case Screenshots\tests.SBP.DHL_APITest_verify_cancel_incident_10.21.png 
2020-12-24 10:24:49,050 INFO  [Log] Screenshot for class= tests.SBP.DHL_APITest method=verify_IncidentNbo_is_exist saved in: D:\QC\Automation\Framework\myFW\target\Failed Case Screenshots\tests.SBP.DHL_APITest_verify_IncidentNbo_is_exist_10.24.png 
2020-12-24 10:35:16,212 INFO  [Log] Screenshot for class= tests.SBP.DHL_Inbox method=verify_incident_state_history_reset_after_changing_incident_type saved in: D:\QC\Automation\Framework\myFW\target\Failed Case Screenshots\tests.SBP.DHL_Inbox_verify_incident_state_history_reset_after_changing_incident_type_10.35.png 
2020-12-24 10:38:23,541 INFO  [Log] Screenshot for class= tests.SBP.DHL_Inbox method=verify_add_new_incident_AutoGenerateCode saved in: D:\QC\Automation\Framework\myFW\target\Failed Case Screenshots\tests.SBP.DHL_Inbox_verify_add_new_incident_AutoGenerateCode_10.38.png 
2020-12-25 12:09:06,749 INFO  [Log] Screenshot for class= tests.SBP.DHL_Setting_2 method=Verify_upload_invalidForm saved in: D:\QC\Automation\Framework\myFW\target\Failed Case Screenshots\tests.SBP.DHL_Setting_2_Verify_upload_invalidForm_12.9.png 
2020-12-25 12:18:30,252 INFO  [Log] Screenshot for class= tests.SBP.DHL_Inbox method=verify_incident_state_history_reset_after_changing_incident_type saved in: D:\QC\Automation\Framework\myFW\target\Failed Case Screenshots\tests.SBP.DHL_Inbox_verify_incident_state_history_reset_after_changing_incident_type_12.18.png 
2020-12-25 12:20:46,527 INFO  [Log] Screenshot for class= tests.SBP.DHL_Event method=verify_create_form saved in: D:\QC\Automation\Framework\myFW\target\Failed Case Screenshots\tests.SBP.DHL_Event_verify_create_form_12.20.png 
2020-12-25 12:39:26,760 INFO  [Log] Screenshot for class= tests.SBP.DHL_Inbox method=verify_incident_state_history_reset_after_changing_incident_type saved in: D:\QC\Automation\Framework\myFW\target\Failed Case Screenshots\tests.SBP.DHL_Inbox_verify_incident_state_history_reset_after_changing_incident_type_12.39.png 
2020-12-25 13:15:27,418 INFO  [Log] Screenshot for class= tests.SBP.DHL_APITest method=verify_IncidentNbo_is_exist saved in: D:\QC\Automation\Framework\myFW\target\Failed Case Screenshots\tests.SBP.DHL_APITest_verify_IncidentNbo_is_exist_13.15.png 
2020-12-25 13:15:56,915 INFO  [Log] Screenshot for class= tests.SBP.DHL_APITest method=verify_cancel_incident_which_not_in_first_state saved in: D:\QC\Automation\Framework\myFW\target\Failed Case Screenshots\tests.SBP.DHL_APITest_verify_cancel_incident_which_not_in_first_state_13.15.png 
2020-12-29 12:10:43,951 INFO  [Log] Screenshot for class= tests.SBP.DHL_Setting_2 method=Verify_upload_invalidForm saved in: D:\QC\Automation\Framework\myFW\target\Failed Case Screenshots\tests.SBP.DHL_Setting_2_Verify_upload_invalidForm_12.10.png 
2020-12-29 12:11:42,169 INFO  [Log] Screenshot for class= tests.SBP.DHL_Inbox method=verify_assignee_and_coworkerIsMe saved in: D:\QC\Automation\Framework\myFW\target\Failed Case Screenshots\tests.SBP.DHL_Inbox_verify_assignee_and_coworkerIsMe_12.11.png 
2020-12-29 13:36:46,628 INFO  [Log] Screenshot for class= tests.SBP.DHL_APITest method=verify_IncidentNbo_is_exist saved in: D:\QC\Automation\Framework\myFW\target\Failed Case Screenshots\tests.SBP.DHL_APITest_verify_IncidentNbo_is_exist_13.36.png 
2020-12-29 13:37:16,799 INFO  [Log] Screenshot for class= tests.SBP.DHL_APITest method=verify_cancel_incident_which_not_in_first_state saved in: D:\QC\Automation\Framework\myFW\target\Failed Case Screenshots\tests.SBP.DHL_APITest_verify_cancel_incident_which_not_in_first_state_13.37.png 
2021-03-17 16:56:30,976 INFO  [Log] Screenshot for class= tests.SBP.DHL_Inbox method=verify_assignee_and_coworkerIsMe saved in: D:\QC\Automation\Framework\myFW\target\Failed Case Screenshots\tests.SBP.DHL_Inbox_verify_assignee_and_coworkerIsMe_16.56.png 
2021-03-17 17:01:46,307 INFO  [Log] Screenshot for class= tests.SBP.DHL_Inbox method=verify_incident_state_history saved in: D:\QC\Automation\Framework\myFW\target\Failed Case Screenshots\tests.SBP.DHL_Inbox_verify_incident_state_history_17.1.png 
2021-03-17 17:03:11,406 INFO  [Log] Screenshot for class= tests.SBP.DHL_Inbox method=verify_incident_state_history_reset_after_changing_incident_type saved in: D:\QC\Automation\Framework\myFW\target\Failed Case Screenshots\tests.SBP.DHL_Inbox_verify_incident_state_history_reset_after_changing_incident_type_17.3.png 
2021-03-17 17:04:14,424 INFO  [Log] Screenshot for class= tests.SBP.DHL_Inbox method=verify_fields_disable_untill_fill_assignee saved in: D:\QC\Automation\Framework\myFW\target\Failed Case Screenshots\tests.SBP.DHL_Inbox_verify_fields_disable_untill_fill_assignee_17.4.png 
2021-03-17 17:08:09,327 INFO  [Log] Screenshot for class= tests.SBP.DHL_Inbox method=verify_fields_disable_untill_fill_assignee saved in: D:\QC\Automation\Framework\myFW\target\Failed Case Screenshots\tests.SBP.DHL_Inbox_verify_fields_disable_untill_fill_assignee_17.8.png 
2021-03-17 17:10:51,903 ERROR [Log] Unable to take screenshot 
2021-03-17 17:11:29,913 INFO  [Log] Screenshot for class= tests.SBP.DHL_Inbox method=verify_search_incident_by_last_event_location_and_last_station saved in: D:\QC\Automation\Framework\myFW\target\Failed Case Screenshots\tests.SBP.DHL_Inbox_verify_search_incident_by_last_event_location_and_last_station_17.11.png 
2021-03-17 17:12:35,130 INFO  [Log] Screenshot for class= tests.SBP.DHL_Inbox method=verify_incident_state_history saved in: D:\QC\Automation\Framework\myFW\target\Failed Case Screenshots\tests.SBP.DHL_Inbox_verify_incident_state_history_17.12.png 
2021-03-17 17:22:21,054 INFO  [Log] Screenshot for class= tests.SBP.DHL_Inbox method=verify_add_new_incident_ManualGenerateCode saved in: D:\QC\Automation\Framework\myFW\target\Failed Case Screenshots\tests.SBP.DHL_Inbox_verify_add_new_incident_ManualGenerateCode_17.22.png 
2021-03-17 17:23:15,487 INFO  [Log] Screenshot for class= tests.SBP.DHL_Inbox method=verify_assignee_and_coworkerIsMe saved in: D:\QC\Automation\Framework\myFW\target\Failed Case Screenshots\tests.SBP.DHL_Inbox_verify_assignee_and_coworkerIsMe_17.23.png 
2021-03-17 17:24:07,511 INFO  [Log] Screenshot for class= tests.SBP.DHL_Inbox method=verify_search_incident_by_last_event_location_and_last_station saved in: D:\QC\Automation\Framework\myFW\target\Failed Case Screenshots\tests.SBP.DHL_Inbox_verify_search_incident_by_last_event_location_and_last_station_17.24.png 
2021-03-17 17:29:40,776 INFO  [Log] Screenshot for class= tests.SBP.DHL_Inbox method=verify_assignee_and_coworkerIsMe saved in: D:\QC\Automation\Framework\myFW\target\Failed Case Screenshots\tests.SBP.DHL_Inbox_verify_assignee_and_coworkerIsMe_17.29.png 
2021-03-17 17:31:01,468 INFO  [Log] Screenshot for class= tests.SBP.DHL_Inbox method=verify_add_new_incident_AutoGenerateCode saved in: D:\QC\Automation\Framework\myFW\target\Failed Case Screenshots\tests.SBP.DHL_Inbox_verify_add_new_incident_AutoGenerateCode_17.31.png 
2021-03-18 10:22:30,219 INFO  [Log] Screenshot for class= tests.SBP.DHL_APITest method=verify_cancel_incident saved in: D:\QC\Automation\Framework\myFW\target\Failed Case Screenshots\tests.SBP.DHL_APITest_verify_cancel_incident_10.22.png 
2021-03-18 10:22:35,332 INFO  [Log] Screenshot for class= tests.SBP.DHL_APITest method=verify_cancel_incident_which_not_in_first_state saved in: D:\QC\Automation\Framework\myFW\target\Failed Case Screenshots\tests.SBP.DHL_APITest_verify_cancel_incident_which_not_in_first_state_10.22.png 
2021-03-18 10:22:38,734 INFO  [Log] Screenshot for class= tests.SBP.DHL_APITest method=verify_create_new_incident saved in: D:\QC\Automation\Framework\myFW\target\Failed Case Screenshots\tests.SBP.DHL_APITest_verify_create_new_incident_10.22.png 
2021-03-18 10:22:42,235 INFO  [Log] Screenshot for class= tests.SBP.DHL_APITest method=verify_create_new_incident_allow_overwrite saved in: D:\QC\Automation\Framework\myFW\target\Failed Case Screenshots\tests.SBP.DHL_APITest_verify_create_new_incident_allow_overwrite_10.22.png 
2021-03-18 10:22:45,647 INFO  [Log] Screenshot for class= tests.SBP.DHL_APITest method=verify_create_new_incident_not_allow_overwrite saved in: D:\QC\Automation\Framework\myFW\target\Failed Case Screenshots\tests.SBP.DHL_APITest_verify_create_new_incident_not_allow_overwrite_10.22.png 
2021-03-18 10:26:39,580 INFO  [Log] Screenshot for class= tests.SBP.DHL_APITest method=verify_cancel_incident saved in: D:\QC\Automation\Framework\myFW\target\Failed Case Screenshots\tests.SBP.DHL_APITest_verify_cancel_incident_10.26.png 
2021-03-19 10:28:30,889 INFO  [Log] Screenshot for class= tests.SBP.DHL_Setting_2 method=Verify_upload_invalidForm saved in: D:\QC\Automation\Framework\myFW\target\Failed Case Screenshots\tests.SBP.DHL_Setting_2_Verify_upload_invalidForm_10.28.png 
2021-03-19 10:30:46,147 INFO  [Log] Screenshot for class= tests.SBP.DHL_Event method=verify_create_form saved in: D:\QC\Automation\Framework\myFW\target\Failed Case Screenshots\tests.SBP.DHL_Event_verify_create_form_10.30.png 
2021-03-19 10:40:36,636 INFO  [Log] Screenshot for class= tests.SBP.DHL_Event method=verify_create_form saved in: D:\QC\Automation\Framework\myFW\target\Failed Case Screenshots\tests.SBP.DHL_Event_verify_create_form_10.40.png 
2021-03-19 10:40:59,118 INFO  [Log] Screenshot for class= tests.SBP.DHL_Inbox method=verify_add_new_incident_ManualGenerateCode saved in: D:\QC\Automation\Framework\myFW\target\Failed Case Screenshots\tests.SBP.DHL_Inbox_verify_add_new_incident_ManualGenerateCode_10.40.png 
2021-03-19 10:42:08,524 INFO  [Log] Screenshot for class= tests.SBP.DHL_Inbox method=verify_counter_when_updating_incidents saved in: D:\QC\Automation\Framework\myFW\target\Failed Case Screenshots\tests.SBP.DHL_Inbox_verify_counter_when_updating_incidents_10.42.png 
2021-03-19 10:43:50,586 INFO  [Log] Screenshot for class= tests.SBP.DHL_Setting_1 method=Verify_add_validation_rule saved in: D:\QC\Automation\Framework\myFW\target\Failed Case Screenshots\tests.SBP.DHL_Setting_1_Verify_add_validation_rule_10.43.png 
2021-03-19 10:44:10,784 INFO  [Log] Screenshot for class= tests.SBP.DHL_Inbox method=verify_assignee_and_coworkerIsMe saved in: D:\QC\Automation\Framework\myFW\target\Failed Case Screenshots\tests.SBP.DHL_Inbox_verify_assignee_and_coworkerIsMe_10.44.png 
2021-03-19 10:45:58,640 ERROR [Log] Unable to take screenshot 
2021-03-19 10:48:00,033 ERROR [Log] Unable to take screenshot 
2021-03-19 10:48:02,926 INFO  [Log] Screenshot for class= tests.SBP.DHL_Setting_2 method=Verify_add_new_custom_fields_numberType saved in: D:\QC\Automation\Framework\myFW\target\Failed Case Screenshots\tests.SBP.DHL_Setting_2_Verify_add_new_custom_fields_numberType_10.48.png 
2021-03-19 10:50:23,878 INFO  [Log] Screenshot for class= tests.SBP.DHL_Inbox method=verify_search_incident_by_custom_fields saved in: D:\QC\Automation\Framework\myFW\target\Failed Case Screenshots\tests.SBP.DHL_Inbox_verify_search_incident_by_custom_fields_10.50.png 
2021-03-19 10:54:03,421 INFO  [Log] Screenshot for class= tests.SBP.DHL_Inbox method=verify_update_incident_type_of_incident saved in: D:\QC\Automation\Framework\myFW\target\Failed Case Screenshots\tests.SBP.DHL_Inbox_verify_update_incident_type_of_incident_10.54.png 
2021-03-19 11:00:17,840 INFO  [Log] Screenshot for class= tests.SBP.DHL_Inbox method=verify_add_new_incident_ManualGenerateCode saved in: D:\QC\Automation\Framework\myFW\target\Failed Case Screenshots\tests.SBP.DHL_Inbox_verify_add_new_incident_ManualGenerateCode_11.0.png 
2021-03-19 11:01:15,518 INFO  [Log] Screenshot for class= tests.SBP.DHL_Inbox method=verify_counter_when_updating_incidents saved in: D:\QC\Automation\Framework\myFW\target\Failed Case Screenshots\tests.SBP.DHL_Inbox_verify_counter_when_updating_incidents_11.1.png 
2021-03-19 11:01:55,405 INFO  [Log] Screenshot for class= tests.SBP.DHL_Event method=verify_create_form saved in: D:\QC\Automation\Framework\myFW\target\Failed Case Screenshots\tests.SBP.DHL_Event_verify_create_form_11.1.png 
2021-03-19 11:02:52,320 INFO  [Log] Screenshot for class= tests.SBP.DHL_Setting_2 method=Verify_upload_invalidForm saved in: D:\QC\Automation\Framework\myFW\target\Failed Case Screenshots\tests.SBP.DHL_Setting_2_Verify_upload_invalidForm_11.2.png 
2021-03-19 11:11:40,167 INFO  [Log] Screenshot for class= tests.SBP.DHL_Event method=verify_create_form saved in: D:\QC\Automation\Framework\myFW\target\Failed Case Screenshots\tests.SBP.DHL_Event_verify_create_form_11.11.png 
2021-03-19 11:13:17,484 INFO  [Log] Screenshot for class= tests.SBP.DHL_Setting_2 method=Verify_upload_invalidForm saved in: D:\QC\Automation\Framework\myFW\target\Failed Case Screenshots\tests.SBP.DHL_Setting_2_Verify_upload_invalidForm_11.13.png 
2021-03-19 11:18:56,053 INFO  [Log] Screenshot for class= tests.SBP.DHL_Event method=verify_create_form saved in: D:\QC\Automation\Framework\myFW\target\Failed Case Screenshots\tests.SBP.DHL_Event_verify_create_form_11.18.png 
2021-03-19 11:22:32,446 INFO  [Log] Screenshot for class= tests.SBP.DHL_Setting_2 method=Verify_upload_invalidForm saved in: D:\QC\Automation\Framework\myFW\target\Failed Case Screenshots\tests.SBP.DHL_Setting_2_Verify_upload_invalidForm_11.22.png 
2021-03-19 12:11:22,687 ERROR [Log] Unable to take screenshot 
2021-03-30 16:32:29,381 INFO  [Log] Screenshot for class= tests.SBP.DHL_Setting_2 method=Verify_upload_invalidForm saved in: D:\QC\Automation\Framework\myFW\target\Failed Case Screenshots\tests.SBP.DHL_Setting_2_Verify_upload_invalidForm_16.32.png 
2021-03-30 16:33:55,002 INFO  [Log] Screenshot for class= tests.SBP.DHL_Inbox method=verify_assignee_and_coworkerIsMe saved in: D:\QC\Automation\Framework\myFW\target\Failed Case Screenshots\tests.SBP.DHL_Inbox_verify_assignee_and_coworkerIsMe_16.33.png 
2021-03-30 16:38:31,840 INFO  [Log] Screenshot for class= tests.SBP.DHL_Inbox method=verify_counter_when_creating_new_incidents saved in: D:\QC\Automation\Framework\myFW\target\Failed Case Screenshots\tests.SBP.DHL_Inbox_verify_counter_when_creating_new_incidents_16.38.png 
2021-03-30 16:41:17,295 INFO  [Log] Screenshot for class= tests.SBP.DHL_Inbox method=verify_fields_disable_untill_fill_assignee saved in: D:\QC\Automation\Framework\myFW\target\Failed Case Screenshots\tests.SBP.DHL_Inbox_verify_fields_disable_untill_fill_assignee_16.41.png 
2021-04-02 09:25:08,117 INFO  [Log] Screenshot for class= tests.Sandbox.Vote method=vote saved in: D:\QC\Automation\Framework\myFW\target\Failed Case Screenshots\tests.Sandbox.Vote_vote_9.25.png 
2021-04-12 09:15:39,769 ERROR [Log] Unable to take screenshot 
2021-04-12 09:15:45,989 INFO  [Log] Screenshot for class= tests.SBP.DHL_APITest method=verify_cancel_incident_which_not_in_first_state saved in: D:\QC\Automation\Framework\myFW\target\Failed Case Screenshots\tests.SBP.DHL_APITest_verify_cancel_incident_which_not_in_first_state_9.15.png 
2021-04-12 09:29:04,350 INFO  [Log] Screenshot for class= tests.SBP.DHL_Setting_2 method=Verify_upload_invalidForm saved in: D:\QC\Automation\Framework\myFW\target\Failed Case Screenshots\tests.SBP.DHL_Setting_2_Verify_upload_invalidForm_9.29.png 
2021-04-12 09:30:45,727 INFO  [Log] Screenshot for class= tests.SBP.DHL_Inbox method=verify_assignee_and_coworkerIsMe saved in: D:\QC\Automation\Framework\myFW\target\Failed Case Screenshots\tests.SBP.DHL_Inbox_verify_assignee_and_coworkerIsMe_9.30.png 
2021-04-12 09:35:12,088 INFO  [Log] Screenshot for class= tests.SBP.DHL_Inbox method=verify_assignee_and_coworkerIsMe saved in: D:\QC\Automation\Framework\myFW\target\Failed Case Screenshots\tests.SBP.DHL_Inbox_verify_assignee_and_coworkerIsMe_9.35.png 
2021-04-12 09:36:49,901 INFO  [Log] Screenshot for class= tests.SBP.DHL_Inbox method=verify_assigneeIsMe_and_coworker saved in: D:\QC\Automation\Framework\myFW\target\Failed Case Screenshots\tests.SBP.DHL_Inbox_verify_assigneeIsMe_and_coworker_9.36.png 
2021-04-12 09:39:41,132 INFO  [Log] Screenshot for class= tests.SBP.DHL_Inbox method=verify_search_incident_by_last_event_location_and_last_station saved in: D:\QC\Automation\Framework\myFW\target\Failed Case Screenshots\tests.SBP.DHL_Inbox_verify_search_incident_by_last_event_location_and_last_station_9.39.png 
2021-04-12 09:41:44,810 INFO  [Log] Screenshot for class= tests.SBP.DHL_Inbox method=verify_search_incident_by_custom_fields saved in: D:\QC\Automation\Framework\myFW\target\Failed Case Screenshots\tests.SBP.DHL_Inbox_verify_search_incident_by_custom_fields_9.41.png 
2021-04-12 09:47:58,816 INFO  [Log] Screenshot for class= tests.SBP.DHL_Inbox method=verify_fields_disable_untill_fill_assignee saved in: D:\QC\Automation\Framework\myFW\target\Failed Case Screenshots\tests.SBP.DHL_Inbox_verify_fields_disable_untill_fill_assignee_9.47.png 
2021-04-12 09:51:21,057 INFO  [Log] Screenshot for class= tests.SBP.DHL_Event method=verify_create_form saved in: D:\QC\Automation\Framework\myFW\target\Failed Case Screenshots\tests.SBP.DHL_Event_verify_create_form_9.51.png 
2021-04-20 14:16:28,475 INFO  [Log] Screenshot for class= tests.SBP.DHL_APITest method=verify_cancel_incident_which_not_in_first_state saved in: D:\QC\Automation\Framework\myFW\target\Failed Case Screenshots\tests.SBP.DHL_APITest_verify_cancel_incident_which_not_in_first_state_14.16.png 
2021-04-20 14:16:53,077 INFO  [Log] Screenshot for class= tests.SBP.DHL_APITest method=verify_create_new_incident saved in: D:\QC\Automation\Framework\myFW\target\Failed Case Screenshots\tests.SBP.DHL_APITest_verify_create_new_incident_14.16.png 
2021-04-20 14:18:21,416 INFO  [Log] Screenshot for class= tests.SBP.DHL_Setting_1 method=Verify_add_and_delete_Category saved in: D:\QC\Automation\Framework\myFW\target\Failed Case Screenshots\tests.SBP.DHL_Setting_1_Verify_add_and_delete_Category_14.18.png 
2021-04-20 14:20:01,478 INFO  [Log] Screenshot for class= tests.SBP.DHL_Setting_1 method=Verify_create_Subcategory saved in: D:\QC\Automation\Framework\myFW\target\Failed Case Screenshots\tests.SBP.DHL_Setting_1_Verify_create_Subcategory_14.20.png 
2021-04-20 14:22:49,495 INFO  [Log] Screenshot for class= tests.SBP.DHL_Setting_1 method=Verify_rename_a_category saved in: D:\QC\Automation\Framework\myFW\target\Failed Case Screenshots\tests.SBP.DHL_Setting_1_Verify_rename_a_category_14.22.png 
2021-04-20 14:32:47,366 INFO  [Log] Screenshot for class= tests.SBP.DHL_Inbox method=verify_assignee_and_coworkerIsMe saved in: D:\QC\Automation\Framework\myFW\target\Failed Case Screenshots\tests.SBP.DHL_Inbox_verify_assignee_and_coworkerIsMe_14.32.png 
2021-04-20 14:39:45,063 INFO  [Log] Screenshot for class= tests.SBP.DHL_Inbox method=verify_fields_disable_untill_fill_assignee saved in: D:\QC\Automation\Framework\myFW\target\Failed Case Screenshots\tests.SBP.DHL_Inbox_verify_fields_disable_untill_fill_assignee_14.39.png 
2021-04-20 15:02:26,239 INFO  [Log] Screenshot for class= tests.SBP.DHL_Inbox method=verify_assignee_and_coworkerIsMe saved in: D:\QC\Automation\Framework\myFW\target\Failed Case Screenshots\tests.SBP.DHL_Inbox_verify_assignee_and_coworkerIsMe_15.2.png 
2021-04-20 15:02:43,310 INFO  [Log] Screenshot for class= tests.SBP.DHL_Inbox method=verify_add_new_incident_AutoGenerateCode saved in: D:\QC\Automation\Framework\myFW\target\Failed Case Screenshots\tests.SBP.DHL_Inbox_verify_add_new_incident_AutoGenerateCode_15.2.png 
2021-04-20 15:02:48,843 ERROR [Log] Unable to take screenshot 
2021-04-20 15:04:24,290 INFO  [Log] Screenshot for class= tests.SBP.DHL_Inbox method=verify_search_incident_by_code saved in: D:\QC\Automation\Framework\myFW\target\Failed Case Screenshots\tests.SBP.DHL_Inbox_verify_search_incident_by_code_15.4.png 
2021-04-20 15:05:43,212 INFO  [Log] Screenshot for class= tests.SBP.DHL_Inbox method=verify_search_incident_by_last_event_location_and_last_station saved in: D:\QC\Automation\Framework\myFW\target\Failed Case Screenshots\tests.SBP.DHL_Inbox_verify_search_incident_by_last_event_location_and_last_station_15.5.png 
2021-04-20 15:08:30,630 INFO  [Log] Screenshot for class= tests.SBP.DHL_Inbox method=verify_update_incident_type_of_incident saved in: D:\QC\Automation\Framework\myFW\target\Failed Case Screenshots\tests.SBP.DHL_Inbox_verify_update_incident_type_of_incident_15.8.png 
2021-04-20 15:10:49,292 INFO  [Log] Screenshot for class= tests.SBP.DHL_Inbox method=verify_incident_state_history saved in: D:\QC\Automation\Framework\myFW\target\Failed Case Screenshots\tests.SBP.DHL_Inbox_verify_incident_state_history_15.10.png 
2021-04-20 15:12:11,222 INFO  [Log] Screenshot for class= tests.SBP.DHL_Inbox method=verify_incident_state_history_reset_after_changing_incident_type saved in: D:\QC\Automation\Framework\myFW\target\Failed Case Screenshots\tests.SBP.DHL_Inbox_verify_incident_state_history_reset_after_changing_incident_type_15.12.png 
2021-04-20 15:13:32,234 INFO  [Log] Screenshot for class= tests.SBP.DHL_Inbox method=verify_fields_disable_untill_fill_assignee saved in: D:\QC\Automation\Framework\myFW\target\Failed Case Screenshots\tests.SBP.DHL_Inbox_verify_fields_disable_untill_fill_assignee_15.13.png 
2021-04-20 15:27:55,780 INFO  [Log] Screenshot for class= tests.SBP.DHL_Inbox method=verify_fields_disable_untill_fill_assignee saved in: D:\QC\Automation\Framework\myFW\target\Failed Case Screenshots\tests.SBP.DHL_Inbox_verify_fields_disable_untill_fill_assignee_15.27.png 
2021-04-20 15:30:26,370 INFO  [Log] Screenshot for class= tests.SBP.DHL_Inbox method=verify_assignee_and_coworkerIsMe saved in: D:\QC\Automation\Framework\myFW\target\Failed Case Screenshots\tests.SBP.DHL_Inbox_verify_assignee_and_coworkerIsMe_15.30.png 
2021-04-26 09:17:57,264 INFO  [Log] Screenshot for class= tests.SBP.DHL_Inbox method=verify_assignee_and_coworkerIsMe saved in: D:\QC\Automation\Framework\myFW\target\Failed Case Screenshots\tests.SBP.DHL_Inbox_verify_assignee_and_coworkerIsMe_9.17.png 
2021-04-26 09:19:26,120 INFO  [Log] Screenshot for class= tests.SBP.DHL_Inbox method=verify_assigneeIsMe_and_coworker saved in: D:\QC\Automation\Framework\myFW\target\Failed Case Screenshots\tests.SBP.DHL_Inbox_verify_assigneeIsMe_and_coworker_9.19.png 
2021-04-26 09:22:08,051 ERROR [Log] Unable to take screenshot 
2021-04-26 09:22:36,689 INFO  [Log] Screenshot for class= tests.SBP.DHL_Inbox method=verify_mark_delete_for_an_incident saved in: D:\QC\Automation\Framework\myFW\target\Failed Case Screenshots\tests.SBP.DHL_Inbox_verify_mark_delete_for_an_incident_9.22.png 
2021-04-26 09:23:58,906 INFO  [Log] Screenshot for class= tests.SBP.DHL_Inbox method=verify_search_incident_by_code saved in: D:\QC\Automation\Framework\myFW\target\Failed Case Screenshots\tests.SBP.DHL_Inbox_verify_search_incident_by_code_9.23.png 
2021-04-26 09:25:15,681 INFO  [Log] Screenshot for class= tests.SBP.DHL_Inbox method=verify_search_incident_by_last_event_location_and_last_station saved in: D:\QC\Automation\Framework\myFW\target\Failed Case Screenshots\tests.SBP.DHL_Inbox_verify_search_incident_by_last_event_location_and_last_station_9.25.png 
2021-04-26 09:28:02,693 INFO  [Log] Screenshot for class= tests.SBP.DHL_Inbox method=verify_update_incident_type_of_incident saved in: D:\QC\Automation\Framework\myFW\target\Failed Case Screenshots\tests.SBP.DHL_Inbox_verify_update_incident_type_of_incident_9.28.png 
2021-04-26 09:28:45,055 INFO  [Log] Screenshot for class= tests.SBP.DHL_Inbox method=verify_counter_when_creating_new_incidents saved in: D:\QC\Automation\Framework\myFW\target\Failed Case Screenshots\tests.SBP.DHL_Inbox_verify_counter_when_creating_new_incidents_9.28.png 
2021-04-26 09:30:40,516 INFO  [Log] Screenshot for class= tests.SBP.DHL_Inbox method=verify_incident_state_history saved in: D:\QC\Automation\Framework\myFW\target\Failed Case Screenshots\tests.SBP.DHL_Inbox_verify_incident_state_history_9.30.png 
2021-04-26 09:32:00,710 INFO  [Log] Screenshot for class= tests.SBP.DHL_Inbox method=verify_incident_state_history_reset_after_changing_incident_type saved in: D:\QC\Automation\Framework\myFW\target\Failed Case Screenshots\tests.SBP.DHL_Inbox_verify_incident_state_history_reset_after_changing_incident_type_9.32.png 
2021-04-26 09:33:22,954 INFO  [Log] Screenshot for class= tests.SBP.DHL_Inbox method=verify_fields_disable_untill_fill_assignee saved in: D:\QC\Automation\Framework\myFW\target\Failed Case Screenshots\tests.SBP.DHL_Inbox_verify_fields_disable_untill_fill_assignee_9.33.png 
2021-04-26 09:34:03,664 INFO  [Log] Screenshot for class= tests.SBP.DHL_Inbox method=verify_add_new_incident_ManualGenerateCode saved in: D:\QC\Automation\Framework\myFW\target\Failed Case Screenshots\tests.SBP.DHL_Inbox_verify_add_new_incident_ManualGenerateCode_9.34.png 
2021-06-09 14:04:25,913 ERROR [Log] Unable to take screenshot 
2021-06-09 08:33:48,028 INFO  [Log] Screenshot for class= tests.SBP.DHL_APITest method=CREATE_incident_by_API saved in: Z:\Framework\myFW\target\Failed Case Screenshots\tests.SBP.DHL_APITest_CREATE_incident_by_API_8.33.png 
2021-06-09 08:57:10,040 INFO  [Log] Screenshot for class= tests.SBP.DHL_Setting_2 method=Verify_add_new_custom_fields_numberType saved in: Z:\Framework\myFW\target\Failed Case Screenshots\tests.SBP.DHL_Setting_2_Verify_add_new_custom_fields_numberType_8.57.png 
2021-06-09 09:04:11,118 INFO  [Log] Screenshot for class= tests.SBP.DHL_Setting_2 method=Verify_edit_custom_fields saved in: Z:\Framework\myFW\target\Failed Case Screenshots\tests.SBP.DHL_Setting_2_Verify_edit_custom_fields_9.4.png 
2021-06-09 09:04:29,758 INFO  [Log] Screenshot for class= tests.SBP.DHL_Inbox method=verify_assignee_and_coworkerIsMe saved in: Z:\Framework\myFW\target\Failed Case Screenshots\tests.SBP.DHL_Inbox_verify_assignee_and_coworkerIsMe_9.4.png 
2021-06-09 09:05:53,764 INFO  [Log] Screenshot for class= tests.SBP.DHL_Inbox method=verify_assigneeIsMe_and_coworker saved in: Z:\Framework\myFW\target\Failed Case Screenshots\tests.SBP.DHL_Inbox_verify_assigneeIsMe_and_coworker_9.5.png 
2021-06-09 09:15:28,238 INFO  [Log] Screenshot for class= tests.SBP.DHL_Inbox method=verify_fields_disable_untill_fill_assignee saved in: Z:\Framework\myFW\target\Failed Case Screenshots\tests.SBP.DHL_Inbox_verify_fields_disable_untill_fill_assignee_9.15.png 
2021-06-09 09:16:24,879 INFO  [Log] Screenshot for class= tests.SBP.DHL_Inbox method=verify_add_new_incident_ManualGenerateCode saved in: Z:\Framework\myFW\target\Failed Case Screenshots\tests.SBP.DHL_Inbox_verify_add_new_incident_ManualGenerateCode_9.16.png 
2021-06-09 09:42:54,517 INFO  [Log] Screenshot for class= tests.SBP.DHL_Inbox method=verify_fields_disable_untill_fill_assignee saved in: Z:\Framework\myFW\target\Failed Case Screenshots\tests.SBP.DHL_Inbox_verify_fields_disable_untill_fill_assignee_9.42.png 
2021-06-09 09:48:20,173 INFO  [Log] Screenshot for class= tests.SBP.DHL_Inbox method=verify_assignee_and_coworkerIsMe saved in: Z:\Framework\myFW\target\Failed Case Screenshots\tests.SBP.DHL_Inbox_verify_assignee_and_coworkerIsMe_9.48.png 
2021-06-09 10:02:41,782 INFO  [Log] Screenshot for class= tests.SBP.DHL_Inbox method=verify_fields_disable_untill_fill_assignee saved in: Z:\Framework\myFW\target\Failed Case Screenshots\tests.SBP.DHL_Inbox_verify_fields_disable_untill_fill_assignee_10.2.png 
2021-06-09 10:06:33,204 INFO  [Log] Screenshot for class= tests.SBP.DHL_Inbox method=verify_fields_disable_untill_fill_assignee saved in: Z:\Framework\myFW\target\Failed Case Screenshots\tests.SBP.DHL_Inbox_verify_fields_disable_untill_fill_assignee_10.6.png 
2021-06-09 10:10:04,834 INFO  [Log] Screenshot for class= tests.SBP.DHL_Inbox method=verify_fields_disable_untill_fill_assignee saved in: Z:\Framework\myFW\target\Failed Case Screenshots\tests.SBP.DHL_Inbox_verify_fields_disable_untill_fill_assignee_10.10.png 
2021-06-09 10:51:40,766 INFO  [Log] Screenshot for class= tests.SBP.DHL_Inbox method=verify_counter_when_creating_new_incidents saved in: Z:\Framework\myFW\target\Failed Case Screenshots\tests.SBP.DHL_Inbox_verify_counter_when_creating_new_incidents_10.51.png 
2021-06-09 10:53:45,218 INFO  [Log] Screenshot for class= tests.SBP.DHL_Inbox method=verify_incident_state_history saved in: Z:\Framework\myFW\target\Failed Case Screenshots\tests.SBP.DHL_Inbox_verify_incident_state_history_10.53.png 
2021-06-10 05:21:52,901 INFO  [Log] Screenshot for class= tests.SBP.DHL_Event method=verify_create_form saved in: Z:\Framework\myFW\target\Failed Case Screenshots\tests.SBP.DHL_Event_verify_create_form_5.21.png 
2021-06-10 08:07:49,596 INFO  [Log] Screenshot for class= tests.SBP.DHL_Setting_2 method=Verify_upload_invalidForm saved in: Z:\Framework\myFW\target\Failed Case Screenshots\tests.SBP.DHL_Setting_2_Verify_upload_invalidForm_8.7.png 
2021-06-10 08:08:02,166 INFO  [Log] Screenshot for class= tests.SBP.DHL_Inbox method=verify_assigneeIsMe_and_coworker saved in: Z:\Framework\myFW\target\Failed Case Screenshots\tests.SBP.DHL_Inbox_verify_assigneeIsMe_and_coworker_8.8.png 
2021-06-14 07:47:07,256 INFO  [Log] Screenshot for class= tests.SBP.DHL_APITest method=verify_cancel_incident saved in: Z:\Framework\myFW\target\Failed Case Screenshots\tests.SBP.DHL_APITest_verify_cancel_incident_7.47.png 
2021-06-14 07:49:12,532 INFO  [Log] Screenshot for class= tests.SBP.DHL_APITest method=verify_create_new_incident saved in: Z:\Framework\myFW\target\Failed Case Screenshots\tests.SBP.DHL_APITest_verify_create_new_incident_7.49.png 
2021-06-14 07:51:06,638 INFO  [Log] Screenshot for class= tests.SBP.DHL_APITest method=verify_create_new_incident_allow_overwrite saved in: Z:\Framework\myFW\target\Failed Case Screenshots\tests.SBP.DHL_APITest_verify_create_new_incident_allow_overwrite_7.51.png 
2021-06-14 07:53:03,761 INFO  [Log] Screenshot for class= tests.SBP.DHL_APITest method=verify_create_new_incident_not_allow_overwrite saved in: Z:\Framework\myFW\target\Failed Case Screenshots\tests.SBP.DHL_APITest_verify_create_new_incident_not_allow_overwrite_7.53.png 
2021-06-14 07:54:18,659 INFO  [Log] Screenshot for class= tests.SBP.DHL_APITest method=verify_cancel_incident saved in: Z:\Framework\myFW\target\Failed Case Screenshots\tests.SBP.DHL_APITest_verify_cancel_incident_7.54.png 
2021-06-14 07:55:10,612 INFO  [Log] Screenshot for class= tests.SBP.DHL_APITest method=verify_create_new_incident saved in: Z:\Framework\myFW\target\Failed Case Screenshots\tests.SBP.DHL_APITest_verify_create_new_incident_7.55.png 
2021-06-14 07:55:50,141 INFO  [Log] Screenshot for class= tests.SBP.DHL_APITest method=verify_create_new_incident_allow_overwrite saved in: Z:\Framework\myFW\target\Failed Case Screenshots\tests.SBP.DHL_APITest_verify_create_new_incident_allow_overwrite_7.55.png 
2021-06-14 07:56:29,375 INFO  [Log] Screenshot for class= tests.SBP.DHL_APITest method=verify_create_new_incident_not_allow_overwrite saved in: Z:\Framework\myFW\target\Failed Case Screenshots\tests.SBP.DHL_APITest_verify_create_new_incident_not_allow_overwrite_7.56.png 
2021-06-14 08:04:46,371 INFO  [Log] Screenshot for class= tests.SBP.DHL_Inbox method=verify_assignee_and_coworkerIsMe saved in: Z:\Framework\myFW\target\Failed Case Screenshots\tests.SBP.DHL_Inbox_verify_assignee_and_coworkerIsMe_8.4.png 
2021-06-14 08:07:38,334 INFO  [Log] Screenshot for class= tests.SBP.DHL_Inbox method=verify_assigneeIsMe_and_coworker saved in: Z:\Framework\myFW\target\Failed Case Screenshots\tests.SBP.DHL_Inbox_verify_assigneeIsMe_and_coworker_8.7.png 
2021-06-14 08:09:51,878 INFO  [Log] Screenshot for class= tests.SBP.DHL_Inbox method=verify_mark_delete_for_an_incident saved in: Z:\Framework\myFW\target\Failed Case Screenshots\tests.SBP.DHL_Inbox_verify_mark_delete_for_an_incident_8.9.png 
2021-06-14 08:15:41,981 INFO  [Log] Screenshot for class= tests.SBP.DHL_Inbox method=verify_search_incident_by_custom_fields saved in: Z:\Framework\myFW\target\Failed Case Screenshots\tests.SBP.DHL_Inbox_verify_search_incident_by_custom_fields_8.15.png 
2021-06-14 08:18:34,244 INFO  [Log] Screenshot for class= tests.SBP.DHL_Inbox method=verify_update_incident_type_of_incident saved in: Z:\Framework\myFW\target\Failed Case Screenshots\tests.SBP.DHL_Inbox_verify_update_incident_type_of_incident_8.18.png 
2021-06-14 08:22:29,975 INFO  [Log] Screenshot for class= tests.SBP.DHL_Inbox method=verify_incident_state_history saved in: Z:\Framework\myFW\target\Failed Case Screenshots\tests.SBP.DHL_Inbox_verify_incident_state_history_8.22.png 
2021-06-14 08:25:00,285 INFO  [Log] Screenshot for class= tests.SBP.DHL_Inbox method=verify_incident_state_history_reset_after_changing_incident_type saved in: Z:\Framework\myFW\target\Failed Case Screenshots\tests.SBP.DHL_Inbox_verify_incident_state_history_reset_after_changing_incident_type_8.25.png 
2021-06-14 08:27:33,145 INFO  [Log] Screenshot for class= tests.SBP.DHL_Inbox method=verify_fields_disable_untill_fill_assignee saved in: Z:\Framework\myFW\target\Failed Case Screenshots\tests.SBP.DHL_Inbox_verify_fields_disable_untill_fill_assignee_8.27.png 
2021-06-14 08:29:27,317 INFO  [Log] Screenshot for class= tests.SBP.DHL_Inbox method=verify_add_new_incident_ManualGenerateCode saved in: Z:\Framework\myFW\target\Failed Case Screenshots\tests.SBP.DHL_Inbox_verify_add_new_incident_ManualGenerateCode_8.29.png 
2021-06-17 09:31:01,910 INFO  [Log] Screenshot for class= tests.SBP.DHL_APITest method=verify_cancel_incident saved in: D:\QC\Automation\Framework\myFW\target\Failed Case Screenshots\tests.SBP.DHL_APITest_verify_cancel_incident_9.31.png 
2021-06-17 09:32:25,821 INFO  [Log] Screenshot for class= tests.SBP.DHL_APITest method=verify_create_new_incident saved in: D:\QC\Automation\Framework\myFW\target\Failed Case Screenshots\tests.SBP.DHL_APITest_verify_create_new_incident_9.32.png 
2021-06-17 09:33:45,670 INFO  [Log] Screenshot for class= tests.SBP.DHL_APITest method=verify_create_new_incident_allow_overwrite saved in: D:\QC\Automation\Framework\myFW\target\Failed Case Screenshots\tests.SBP.DHL_APITest_verify_create_new_incident_allow_overwrite_9.33.png 
2021-06-17 09:35:05,503 INFO  [Log] Screenshot for class= tests.SBP.DHL_APITest method=verify_create_new_incident_not_allow_overwrite saved in: D:\QC\Automation\Framework\myFW\target\Failed Case Screenshots\tests.SBP.DHL_APITest_verify_create_new_incident_not_allow_overwrite_9.35.png 
2021-06-17 09:35:41,716 INFO  [Log] Screenshot for class= tests.SBP.DHL_APITest method=verify_cancel_incident saved in: D:\QC\Automation\Framework\myFW\target\Failed Case Screenshots\tests.SBP.DHL_APITest_verify_cancel_incident_9.35.png 
2021-06-17 09:36:12,996 INFO  [Log] Screenshot for class= tests.SBP.DHL_APITest method=verify_create_new_incident saved in: D:\QC\Automation\Framework\myFW\target\Failed Case Screenshots\tests.SBP.DHL_APITest_verify_create_new_incident_9.36.png 
2021-06-17 09:36:39,757 INFO  [Log] Screenshot for class= tests.SBP.DHL_APITest method=verify_create_new_incident_allow_overwrite saved in: D:\QC\Automation\Framework\myFW\target\Failed Case Screenshots\tests.SBP.DHL_APITest_verify_create_new_incident_allow_overwrite_9.36.png 
2021-06-17 09:37:06,594 INFO  [Log] Screenshot for class= tests.SBP.DHL_APITest method=verify_create_new_incident_not_allow_overwrite saved in: D:\QC\Automation\Framework\myFW\target\Failed Case Screenshots\tests.SBP.DHL_APITest_verify_create_new_incident_not_allow_overwrite_9.37.png 
2021-06-17 09:38:23,040 INFO  [Log] Screenshot for class= tests.SBP.DHL_Setting_2 method=Verify_add_new_custom_fields_numberType saved in: D:\QC\Automation\Framework\myFW\target\Failed Case Screenshots\tests.SBP.DHL_Setting_2_Verify_add_new_custom_fields_numberType_9.38.png 
2021-06-17 09:41:48,304 INFO  [Log] Screenshot for class= tests.SBP.DHL_Inbox method=verify_assignee_and_coworkerIsMe saved in: D:\QC\Automation\Framework\myFW\target\Failed Case Screenshots\tests.SBP.DHL_Inbox_verify_assignee_and_coworkerIsMe_9.41.png 
2021-06-17 09:43:11,868 INFO  [Log] Screenshot for class= tests.SBP.DHL_Setting_2 method=Verify_edit_custom_fields saved in: D:\QC\Automation\Framework\myFW\target\Failed Case Screenshots\tests.SBP.DHL_Setting_2_Verify_edit_custom_fields_9.43.png 
2021-06-17 09:43:46,138 INFO  [Log] Screenshot for class= tests.SBP.DHL_Inbox method=verify_assigneeIsMe_and_coworker saved in: D:\QC\Automation\Framework\myFW\target\Failed Case Screenshots\tests.SBP.DHL_Inbox_verify_assigneeIsMe_and_coworker_9.43.png 
2021-06-17 09:45:11,803 INFO  [Log] Screenshot for class= tests.SBP.DHL_Inbox method=verify_mark_delete_for_an_incident saved in: D:\QC\Automation\Framework\myFW\target\Failed Case Screenshots\tests.SBP.DHL_Inbox_verify_mark_delete_for_an_incident_9.45.png 
2021-06-17 09:47:09,635 INFO  [Log] Screenshot for class= tests.SBP.DHL_Inbox method=verify_search_incident_by_code saved in: D:\QC\Automation\Framework\myFW\target\Failed Case Screenshots\tests.SBP.DHL_Inbox_verify_search_incident_by_code_9.47.png 
2021-06-17 09:49:04,505 INFO  [Log] Screenshot for class= tests.SBP.DHL_Inbox method=verify_search_incident_by_last_event_location_and_last_station saved in: D:\QC\Automation\Framework\myFW\target\Failed Case Screenshots\tests.SBP.DHL_Inbox_verify_search_incident_by_last_event_location_and_last_station_9.49.png 
2021-06-17 09:53:12,658 INFO  [Log] Screenshot for class= tests.SBP.DHL_Inbox method=verify_update_incident_type_of_incident saved in: D:\QC\Automation\Framework\myFW\target\Failed Case Screenshots\tests.SBP.DHL_Inbox_verify_update_incident_type_of_incident_9.53.png 
2021-06-17 09:56:04,188 INFO  [Log] Screenshot for class= tests.SBP.DHL_Inbox method=verify_incident_state_history saved in: D:\QC\Automation\Framework\myFW\target\Failed Case Screenshots\tests.SBP.DHL_Inbox_verify_incident_state_history_9.56.png 
2021-06-17 09:58:01,369 INFO  [Log] Screenshot for class= tests.SBP.DHL_Inbox method=verify_incident_state_history_reset_after_changing_incident_type saved in: D:\QC\Automation\Framework\myFW\target\Failed Case Screenshots\tests.SBP.DHL_Inbox_verify_incident_state_history_reset_after_changing_incident_type_9.58.png 
2021-06-17 10:00:18,858 INFO  [Log] Screenshot for class= tests.SBP.DHL_Inbox method=verify_fields_disable_untill_fill_assignee saved in: D:\QC\Automation\Framework\myFW\target\Failed Case Screenshots\tests.SBP.DHL_Inbox_verify_fields_disable_untill_fill_assignee_10.0.png 
2021-06-17 10:01:38,632 INFO  [Log] Screenshot for class= tests.SBP.DHL_Inbox method=verify_add_new_incident_ManualGenerateCode saved in: D:\QC\Automation\Framework\myFW\target\Failed Case Screenshots\tests.SBP.DHL_Inbox_verify_add_new_incident_ManualGenerateCode_10.1.png 
2021-06-17 13:53:34,277 INFO  [Log] Screenshot for class= tests.SBP.DHL_Inbox method=verify_mark_delete_for_an_incident saved in: D:\QC\Automation\Framework\myFW\target\Failed Case Screenshots\tests.SBP.DHL_Inbox_verify_mark_delete_for_an_incident_13.53.png 
2021-06-17 13:57:05,678 INFO  [Log] Screenshot for class= tests.SBP.DHL_Inbox method=verify_assigneeIsMe_and_coworker saved in: D:\QC\Automation\Framework\myFW\target\Failed Case Screenshots\tests.SBP.DHL_Inbox_verify_assigneeIsMe_and_coworker_13.57.png 
2021-06-17 13:59:16,658 INFO  [Log] Screenshot for class= tests.SBP.DHL_Inbox method=verify_add_new_incident_ManualGenerateCode saved in: D:\QC\Automation\Framework\myFW\target\Failed Case Screenshots\tests.SBP.DHL_Inbox_verify_add_new_incident_ManualGenerateCode_13.59.png 
2021-06-17 14:03:08,765 INFO  [Log] Screenshot for class= tests.SBP.DHL_Inbox method=verify_assignee_and_coworkerIsMe saved in: D:\QC\Automation\Framework\myFW\target\Failed Case Screenshots\tests.SBP.DHL_Inbox_verify_assignee_and_coworkerIsMe_14.3.png 
2021-06-17 14:09:35,165 INFO  [Log] Screenshot for class= tests.SBP.DHL_Inbox method=verify_incident_state_history_reset_after_changing_incident_type saved in: D:\QC\Automation\Framework\myFW\target\Failed Case Screenshots\tests.SBP.DHL_Inbox_verify_incident_state_history_reset_after_changing_incident_type_14.9.png 
2021-06-18 10:08:22,222 INFO  [Log] Screenshot for class= tests.SBP.DHL_Inbox method=verify_assignee_and_coworkerIsMe saved in: D:\QC\Automation\Framework\myFW\target\Failed Case Screenshots\tests.SBP.DHL_Inbox_verify_assignee_and_coworkerIsMe_10.8.png 
2021-06-18 10:11:31,209 INFO  [Log] Screenshot for class= tests.SBP.DHL_Inbox method=verify_assigneeIsMe_and_coworker saved in: D:\QC\Automation\Framework\myFW\target\Failed Case Screenshots\tests.SBP.DHL_Inbox_verify_assigneeIsMe_and_coworker_10.11.png 
2021-06-18 10:12:56,985 INFO  [Log] Screenshot for class= tests.SBP.DHL_Inbox method=verify_mark_delete_for_an_incident saved in: D:\QC\Automation\Framework\myFW\target\Failed Case Screenshots\tests.SBP.DHL_Inbox_verify_mark_delete_for_an_incident_10.12.png 
2021-06-18 10:37:28,269 INFO  [Log] Screenshot for class= tests.SBP.DHL_Inbox method=verify_mark_delete_for_an_incident saved in: D:\QC\Automation\Framework\myFW\target\Failed Case Screenshots\tests.SBP.DHL_Inbox_verify_mark_delete_for_an_incident_10.37.png 
2021-06-18 10:40:57,581 INFO  [Log] Screenshot for class= tests.SBP.DHL_Inbox method=verify_assigneeIsMe_and_coworker saved in: D:\QC\Automation\Framework\myFW\target\Failed Case Screenshots\tests.SBP.DHL_Inbox_verify_assigneeIsMe_and_coworker_10.40.png 
2021-06-18 10:44:29,881 INFO  [Log] Screenshot for class= tests.SBP.DHL_Inbox method=verify_assignee_and_coworkerIsMe saved in: D:\QC\Automation\Framework\myFW\target\Failed Case Screenshots\tests.SBP.DHL_Inbox_verify_assignee_and_coworkerIsMe_10.44.png 
2021-06-23 13:53:21,542 INFO  [Log] Screenshot for class= tests.SBP.DHL_Inbox method=verify_counter_when_updating_incidents saved in: D:\QC\Automation\Framework\myFW\target\Failed Case Screenshots\tests.SBP.DHL_Inbox_verify_counter_when_updating_incidents_13.53.png 
2021-07-26 14:56:03,479 ERROR [Log] Unable to take screenshot 
2021-07-26 14:56:14,008 INFO  [Log] Screenshot for class= tests.SBP.DHL_APITest method=verify_cancel_incident_which_not_in_first_state saved in: D:\QC\Automation\Framework\myFW\target\Failed Case Screenshots\tests.SBP.DHL_APITest_verify_cancel_incident_which_not_in_first_state_14.56.png 
2021-07-26 15:14:04,349 INFO  [Log] Screenshot for class= tests.SBP.DHL_Inbox method=verify_assignee_and_coworkerIsMe saved in: D:\QC\Automation\Framework\myFW\target\Failed Case Screenshots\tests.SBP.DHL_Inbox_verify_assignee_and_coworkerIsMe_15.14.png 
2021-07-26 15:14:46,468 INFO  [Log] Screenshot for class= tests.SBP.DHL_Inbox method=verify_assigneeIsMe_and_coworker saved in: D:\QC\Automation\Framework\myFW\target\Failed Case Screenshots\tests.SBP.DHL_Inbox_verify_assigneeIsMe_and_coworker_15.14.png 
2021-07-26 15:15:40,719 INFO  [Log] Screenshot for class= tests.SBP.DHL_Inbox method=verify_search_incident_by_code saved in: D:\QC\Automation\Framework\myFW\target\Failed Case Screenshots\tests.SBP.DHL_Inbox_verify_search_incident_by_code_15.15.png 
2021-07-26 15:16:51,702 INFO  [Log] Screenshot for class= tests.SBP.DHL_Setting_2 method=Verify_upload_invalidForm saved in: D:\QC\Automation\Framework\myFW\target\Failed Case Screenshots\tests.SBP.DHL_Setting_2_Verify_upload_invalidForm_15.16.png 
2021-07-26 15:17:40,670 INFO  [Log] Screenshot for class= tests.SBP.DHL_Inbox method=verify_update_incident_type_of_incident saved in: D:\QC\Automation\Framework\myFW\target\Failed Case Screenshots\tests.SBP.DHL_Inbox_verify_update_incident_type_of_incident_15.17.png 
2021-07-26 15:19:26,378 INFO  [Log] Screenshot for class= tests.SBP.DHL_Inbox method=verify_incident_state_history saved in: D:\QC\Automation\Framework\myFW\target\Failed Case Screenshots\tests.SBP.DHL_Inbox_verify_incident_state_history_15.19.png 
2021-07-26 15:19:57,754 INFO  [Log] Screenshot for class= tests.SBP.DHL_Event method=verify_create_form saved in: D:\QC\Automation\Framework\myFW\target\Failed Case Screenshots\tests.SBP.DHL_Event_verify_create_form_15.19.png 
2021-07-26 15:20:49,312 INFO  [Log] Screenshot for class= tests.SBP.DHL_Inbox method=verify_incident_state_history_reset_after_changing_incident_type saved in: D:\QC\Automation\Framework\myFW\target\Failed Case Screenshots\tests.SBP.DHL_Inbox_verify_incident_state_history_reset_after_changing_incident_type_15.20.png 
2021-07-26 15:21:30,311 INFO  [Log] Screenshot for class= tests.SBP.DHL_Inbox method=verify_add_new_incident_AutoGenerateCode saved in: D:\QC\Automation\Framework\myFW\target\Failed Case Screenshots\tests.SBP.DHL_Inbox_verify_add_new_incident_AutoGenerateCode_15.21.png 
2021-07-26 15:21:32,514 ERROR [Log] Unable to take screenshot 
2021-07-26 15:23:27,344 INFO  [Log] Screenshot for class= tests.SBP.DHL_Inbox method=verify_add_new_incident_ManualGenerateCode saved in: D:\QC\Automation\Framework\myFW\target\Failed Case Screenshots\tests.SBP.DHL_Inbox_verify_add_new_incident_ManualGenerateCode_15.23.png 
2021-08-28 21:45:45,193 INFO  [Log] Screenshot for class= tests.SBP.DHL_Inbox method=verify_assignee_and_coworkerIsMe saved in: C:\Work\Automation\myFW\target\Failed Case Screenshots\tests.SBP.DHL_Inbox_verify_assignee_and_coworkerIsMe_21.45.png 
2021-08-28 21:46:32,458 INFO  [Log] Screenshot for class= tests.SBP.DHL_Inbox method=verify_assigneeIsMe_and_coworker saved in: C:\Work\Automation\myFW\target\Failed Case Screenshots\tests.SBP.DHL_Inbox_verify_assigneeIsMe_and_coworker_21.46.png 
2021-08-28 21:47:33,399 INFO  [Log] Screenshot for class= tests.SBP.DHL_Inbox method=verify_search_incident_by_code saved in: C:\Work\Automation\myFW\target\Failed Case Screenshots\tests.SBP.DHL_Inbox_verify_search_incident_by_code_21.47.png 
2021-08-28 21:47:50,234 INFO  [Log] Screenshot for class= tests.SBP.DHL_Setting_2 method=Verify_upload_invalidForm saved in: C:\Work\Automation\myFW\target\Failed Case Screenshots\tests.SBP.DHL_Setting_2_Verify_upload_invalidForm_21.47.png 
2021-08-28 21:49:54,336 INFO  [Log] Screenshot for class= tests.SBP.DHL_Inbox method=verify_update_incident_type_of_incident saved in: C:\Work\Automation\myFW\target\Failed Case Screenshots\tests.SBP.DHL_Inbox_verify_update_incident_type_of_incident_21.49.png 
2021-08-28 21:51:10,341 INFO  [Log] Screenshot for class= tests.SBP.DHL_Inbox method=verify_counter_when_creating_new_incidents saved in: C:\Work\Automation\myFW\target\Failed Case Screenshots\tests.SBP.DHL_Inbox_verify_counter_when_creating_new_incidents_21.51.png 
2021-08-28 21:51:34,107 INFO  [Log] Screenshot for class= tests.SBP.DHL_Event method=verify_create_form saved in: C:\Work\Automation\myFW\target\Failed Case Screenshots\tests.SBP.DHL_Event_verify_create_form_21.51.png 
2021-08-28 21:52:54,326 INFO  [Log] Screenshot for class= tests.SBP.DHL_Inbox method=verify_counter_when_updating_incidents saved in: C:\Work\Automation\myFW\target\Failed Case Screenshots\tests.SBP.DHL_Inbox_verify_counter_when_updating_incidents_21.52.png 
2021-08-28 21:53:41,834 INFO  [Log] Screenshot for class= tests.SBP.DHL_Inbox method=verify_incident_state_history saved in: C:\Work\Automation\myFW\target\Failed Case Screenshots\tests.SBP.DHL_Inbox_verify_incident_state_history_21.53.png 
2021-08-28 21:54:30,764 INFO  [Log] Screenshot for class= tests.SBP.DHL_Inbox method=verify_incident_state_history_reset_after_changing_incident_type saved in: C:\Work\Automation\myFW\target\Failed Case Screenshots\tests.SBP.DHL_Inbox_verify_incident_state_history_reset_after_changing_incident_type_21.54.png 
2021-08-28 21:55:19,103 INFO  [Log] Screenshot for class= tests.SBP.DHL_Inbox method=verify_fields_disable_untill_fill_assignee saved in: C:\Work\Automation\myFW\target\Failed Case Screenshots\tests.SBP.DHL_Inbox_verify_fields_disable_untill_fill_assignee_21.55.png 
2021-08-28 21:57:19,581 INFO  [Log] Screenshot for class= tests.SBP.DHL_Inbox method=verify_add_new_incident_ManualGenerateCode saved in: C:\Work\Automation\myFW\target\Failed Case Screenshots\tests.SBP.DHL_Inbox_verify_add_new_incident_ManualGenerateCode_21.57.png 
2021-09-03 18:17:05,975 INFO  [Log] Screenshot for class= tests.SBP.DHL_Setting_1 method=Verify_update_system_page saved in: C:\Work\Automation\myFW\target\Failed Case Screenshots\tests.SBP.DHL_Setting_1_Verify_update_system_page_18.17.png 
2021-09-03 22:39:38,470 INFO  [Log] Screenshot for class= tests.Sandbox.FacebookTest method=LoginFacebook saved in: C:\Work\Automation\myFW\target\Failed Case Screenshots\tests.Sandbox.FacebookTest_LoginFacebook_22.39.png 
2021-09-03 22:46:42,239 INFO  [Log] Screenshot for class= tests.Sandbox.FacebookTest method=LoginFacebook saved in: C:\Work\Automation\myFW\target\Failed Case Screenshots\tests.Sandbox.FacebookTest_LoginFacebook_22.46.png 
